This is pdfTeX, Version 3.14159265-2.6-1.40.20 (TeX Live 2019) (preloaded format=pdflatex 2019.5.8)  8 MAY 2020 12:56
entering extended mode
 restricted \write18 enabled.
 %&-line parsing enabled.
**MingPhDThesis.tex
(./MingPhDThesis.tex
LaTeX2e <2018-12-01>
(./mines-thesis.cls
Document Class: mines-thesis 2020/01/10 v1.0 Colorado School of Mines dissertat
ion/thesis class
(/usr/local/texlive/2019/texmf-dist/tex/latex/base/ifthen.sty
Package: ifthen 2014/09/29 v1.1c Standard LaTeX ifthen package (DPC)
)
(/usr/local/texlive/2019/texmf-dist/tex/latex/environ/environ.sty
Package: environ 2014/05/04 v0.3 A new way to define environments

(/usr/local/texlive/2019/texmf-dist/tex/latex/trimspaces/trimspaces.sty
Package: trimspaces 2009/09/17 v1.1 Trim spaces around a token list
)
\@envbody=\toks14
)
(/usr/local/texlive/2019/texmf-dist/tex/latex/tools/calc.sty
Package: calc 2017/05/25 v4.3 Infix arithmetic (KKT,FJ)
\calc@Acount=\count80
\calc@Bcount=\count81
\calc@Adimen=\dimen102
\calc@Bdimen=\dimen103
\calc@Askip=\skip41
\calc@Bskip=\skip42
LaTeX Info: Redefining \setlength on input line 80.
LaTeX Info: Redefining \addtolength on input line 81.
\calc@Ccount=\count82
\calc@Cskip=\skip43
)
(/usr/local/texlive/2019/texmf-dist/tex/latex/memoir/memoir.cls
Document Class: memoir 2018/12/12 v3.7h configurable book, report, article docu
ment class
\onelineskip=\skip44
\lxvchars=\skip45
\xlvchars=\skip46
\@memcnta=\count83
\c@@memmarkcntra=\count84
(/usr/local/texlive/2019/texmf-dist/tex/generic/oberdiek/ifpdf.sty
Package: ifpdf 2018/09/07 v3.3 Provides the ifpdf switch
)
(/usr/local/texlive/2019/texmf-dist/tex/latex/ifetex/ifetex.sty
Package: ifetex 2018/03/31 v1.2a ifetex

(/usr/local/texlive/2019/texmf-dist/tex/plain/ifetex/ifetex.tex))
(/usr/local/texlive/2019/texmf-dist/tex/generic/ifxetex/ifxetex.sty
Package: ifxetex 2010/09/12 v0.6 Provides ifxetex conditional
)
(/usr/local/texlive/2019/texmf-dist/tex/generic/oberdiek/ifluatex.sty
Package: ifluatex 2016/05/16 v1.4 Provides the ifluatex switch (HO)
Package ifluatex Info: LuaTeX not detected.
)
\stockheight=\skip47
\stockwidth=\skip48
\trimtop=\skip49
\trimedge=\skip50

(/usr/local/texlive/2019/texmf-dist/tex/latex/memoir/mem12.clo
File: mem12.clo 2010/10/19 v0.4b memoir class 12pt size option
)
\binding=\skip51
\spinemargin=\skip52
\foremargin=\skip53
\uppermargin=\skip54
\lowermargin=\skip55
\headdrop=\skip56
\normalrulethickness=\skip57
\mem@maxheadheight=\skip58
\mem@maxfootheight=\skip59
\headwidth=\skip60
\c@storedpagenumber=\count85
\memPD=\dimen104
\m@mabparskip=\skip61
\thanksmarkwidth=\skip62
\thanksmarksep=\skip63
\droptitle=\skip64
\c@book=\count86
\c@part=\count87
\c@chapter=\count88
\c@section=\count89
\c@subsection=\count90
\c@subsubsection=\count91
\c@paragraph=\count92
\c@subparagraph=\count93
\beforechapskip=\skip65
\midchapskip=\skip66
\afterchapskip=\skip67
\chapindent=\skip68
\bottomsectionskip=\skip69
\secindent=\skip70
\beforesecskip=\skip71
\aftersecskip=\skip72
\subsecindent=\skip73
\beforesubsecskip=\skip74
\aftersubsecskip=\skip75
\subsubsecindent=\skip76
\beforesubsubsecskip=\skip77
\aftersubsubsecskip=\skip78
\paraindent=\skip79
\beforeparaskip=\skip80
\afterparaskip=\skip81
\subparaindent=\skip82
\beforesubparaskip=\skip83
\aftersubparaskip=\skip84
\pfbreakskip=\skip85
\c@@ppsavesec=\count94
\c@@ppsaveapp=\count95
\ragrparindent=\dimen105
\everylistparindent=\dimen106
\parsepi=\skip86
\topsepi=\skip87
\itemsepi=\skip88
\parsepii=\skip89
\topsepii=\skip90
\topsepiii=\skip91
\itemsepii=\skip92
\itemsepiii=\skip93
\partopsepii=\skip94
\partopsepiii=\skip95
\m@msavetopsep=\skip96
\m@msavepartopsep=\skip97
\@enLab=\toks15
\abstitleskip=\skip98
\absleftindent=\skip99
\abs@leftindent=\dimen107
\absrightindent=\skip100
\absparindent=\skip101
\absparsep=\skip102
\c@vslineno=\count96
\c@poemline=\count97
\c@modulo@vs=\count98
\c@memfvsline=\count99
\vleftskip=\skip103
\vrightskip=\skip104
\stanzaskip=\skip105
\versewidth=\skip106
\vgap=\skip107
\vindent=\skip108
\vleftmargin=\dimen108
\c@verse=\count100
\c@chrsinstr=\count101
\beforepoemtitleskip=\skip109
\afterpoemtitleskip=\skip110
\c@poem=\count102
\beforePoemTitleskip=\skip111
\midPoemTitleskip=\skip112
\afterPoemTitleskip=\skip113

(/usr/local/texlive/2019/texmf-dist/tex/latex/tools/array.sty
Package: array 2018/12/30 v2.4k Tabular extension package (FMi)
\col@sep=\dimen109
\ar@mcellbox=\box27
\extrarowheight=\dimen110
\NC@list=\toks16
\extratabsurround=\skip114
\backup@length=\skip115
\ar@cellbox=\box28
)
(/usr/local/texlive/2019/texmf-dist/tex/latex/tools/dcolumn.sty
Package: dcolumn 2014/10/28 v1.06 decimal alignment package (DPC)
)
(/usr/local/texlive/2019/texmf-dist/tex/latex/tools/delarray.sty
Package: delarray 2014/10/28 v1.01 array delimiter package (DPC)
)
(/usr/local/texlive/2019/texmf-dist/tex/latex/tools/tabularx.sty
Package: tabularx 2016/02/03 v2.11b `tabularx' package (DPC)
\TX@col@width=\dimen111
\TX@old@table=\dimen112
\TX@old@col=\dimen113
\TX@target=\dimen114
\TX@delta=\dimen115
\TX@cols=\count103
\TX@ftn=\toks17
)
\heavyrulewidth=\dimen116
\lightrulewidth=\dimen117
\cmidrulewidth=\dimen118
\belowrulesep=\dimen119
\belowbottomsep=\dimen120
\aboverulesep=\dimen121
\abovetopsep=\dimen122
\cmidrulesep=\dimen123
\cmidrulekern=\dimen124
\defaultaddspace=\dimen125
\@cmidla=\count104
\@cmidlb=\count105
\@aboverulesep=\dimen126
\@belowrulesep=\dimen127
\@thisruleclass=\count106
\@lastruleclass=\count107
\@thisrulewidth=\dimen128
\ctableftskip=\skip116
\ctabrightskip=\skip117
\abovecolumnspenalty=\count108
\@linestogo=\count109
\@cellstogo=\count110
\@cellsincolumn=\count111
\crtok=\toks18
\@mincolumnwidth=\dimen129
\c@newflo@tctr=\count112
\mem@margin@floatbox=\box29
\@contcwidth=\skip118
\@contindw=\skip119
\abovecaptionskip=\skip120
\belowcaptionskip=\skip121
\subfloattopskip=\skip122
\subfloatcapskip=\skip123
\subfloatcaptopadj=\skip124
\subfloatbottomskip=\skip125
\subfloatlabelskip=\skip126
\subfloatcapmargin=\dimen130
\c@@contsubnum=\count113
\m@mscap@capbox=\box30
\m@mscap@fbox=\box31
\sidecapsep=\dimen131
\sidecapwidth=\dimen132
\m@m@tempdima=\dimen133
\m@mscapraise=\dimen134
\sidecapraise=\dimen135
\m@mscapmainwidth=\dimen136
\m@mscaplkern=\dimen137
\beforeepigraphskip=\skip127
\afterepigraphskip=\skip128
\epigraphwidth=\skip129
\epigraphrule=\skip130
LaTeX Info: Redefining \em on input line 7592.
LaTeX Info: Redefining \emph on input line 7600.
\tocentryskip=\skip131
\tocbaseline=\skip132
\cftparskip=\skip133
\cftbeforebookskip=\skip134
\cftbookindent=\dimen138
\cftbooknumwidth=\dimen139
\cftbeforepartskip=\skip135
\cftpartindent=\skip136
\cftpartnumwidth=\skip137
\cftbeforechapterskip=\skip138
\cftchapterindent=\skip139
\cftchapternumwidth=\skip140
\cftbeforesectionskip=\skip141
\cftsectionindent=\skip142
\cftsectionnumwidth=\skip143
\cftbeforesubsectionskip=\skip144
\cftsubsectionindent=\skip145
\cftsubsectionnumwidth=\skip146
\cftbeforesubsubsectionskip=\skip147
\cftsubsubsectionindent=\skip148
\cftsubsubsectionnumwidth=\skip149
\cftbeforeparagraphskip=\skip150
\cftparagraphindent=\skip151
\cftparagraphnumwidth=\skip152
\cftbeforesubparagraphskip=\skip153
\cftsubparagraphindent=\skip154
\cftsubparagraphnumwidth=\skip155
\prechapterprecisshift=\dimen140
\c@maxsecnumdepth=\count114
\bibindent=\dimen141
\bibitemsep=\skip156
\indexcolsep=\skip157
\indexrule=\skip158
\indexmarkstyle=\toks19
\@indexbox=\insert199
\glossarycolsep=\dimen142
\glossaryrule=\dimen143
\sideparvshift=\skip159
\sideins=\insert198
\sidebartopsep=\skip160
\sidebarhsep=\skip161
\sidebarvsep=\skip162
\sidebarwidth=\skip163
\footmarkwidth=\skip164
\footmarksep=\skip165
\footparindent=\skip166
\footinsdim=\skip167
\footinsv@r=\insert197
\@mpfootinsv@r=\insert196
\m@m@k=\count115
\m@m@h=\dimen144
\m@mipn@skip=\skip168
\sidefootins=\insert195
\sidefootadjust=\skip169
\sidefootheight=\skip170
\sidefoothsep=\skip171
\sidefootvsep=\skip172
\sidefootwidth=\skip173
\m@mdownsf=\skip174
\c@sidefootnote=\count116
\sidefootmarkwidth=\skip175
\sidefootmarksep=\skip176
\sidefootparindent=\skip177
\c@pagenote=\count117
\c@pagenoteshadow=\count118
\mem@pn@lastkern=\skip178
\every@verbatim=\toks20
\afterevery@verbatim=\toks21
\verbatim@line=\toks22
\tab@position=\count119
\verbatim@in@stream=\read1
\verbatimindent=\skip179
\verbatim@out=\write3
\bvboxsep=\skip180
\c@memfbvline=\count120
\c@bvlinectr=\count121
\bvnumlength=\skip181
\fb@frw=\dimen145
\fb@frh=\dimen146
\FrameRule=\dimen147
\FrameSep=\dimen148
\c@cp@cntr=\count122
LaTeX Info: Redefining \: on input line 12114.
LaTeX Info: Redefining \! on input line 12116.
\c@ism@mctr=\count123
\c@xsm@mctr=\count124
\c@csm@mctr=\count125
\c@ksm@mctr=\count126
\c@xksm@mctr=\count127
\c@cksm@mctr=\count128
\c@msm@mctr=\count129
\c@xmsm@mctr=\count130
\c@cmsm@mctr=\count131
\c@bsm@mctr=\count132
\c@workm@mctr=\count133
\c@sheetsequence=\count134
\c@lastsheet=\count135
\c@lastpage=\count136
\c@figure=\count137
\c@lofdepth=\count138
\cftbeforefigureskip=\skip182
\cftfigureindent=\skip183
\cftfigurenumwidth=\skip184
\c@table=\count139
\c@lotdepth=\count140
\cftbeforetableskip=\skip185
\cfttableindent=\skip186
\cfttablenumwidth=\skip187
Package abstract [2008/07/23] emulated by memoir.
Package appendix [2008/07/23] emulated by memoir.
Package booktabs [2016/05/16] emulated by memoir.
Package ccaption [2008/07/23] emulated by memoir.
Package changepage [2008/07/23] emulated by memoir.
Package chngcntr [2008/07/23] emulated by memoir.
Package chngpage [2008/07/23] emulated by memoir.
Package crop emulated by memoir.
Package enumerate [2008/07/23] emulated by memoir.
Package epigraph [2008/07/23] emulated by memoir.
Package ifmtarg [2008/07/23] emulated by memoir.
Package index [2008/07/23] emulated by memoir.
Package makeidx [2008/07/23] emulated by memoir.
Package moreverb [2008/07/23] emulated by memoir.
Package mparhack [2008/07/23] emulated by memoir.
Package needspace [2008/07/23] emulated by memoir.
Package newfile [2008/07/23] emulated by memoir.
Package nextpage [2008/07/23] emulated by memoir.
Package pagenote [2008/07/23] emulated by memoir.
Package parskip [2008/07/23] emulated by memoir.
Package patchcmd [2008/07/23] emulated by memoir.
Package setspace [2008/07/23] emulated by memoir.
Package shortvrb [2008/07/23] emulated by memoir.
Package showidx [2008/07/23] emulated by memoir.
Package titleref [2008/07/23] emulated by memoir.
Package titling [2008/07/23] emulated by memoir.
Package tocbibind [2008/07/23] emulated by memoir.
Package tocloft [2008/07/23] emulated by memoir.
Package tocvsec2 [2008/07/23] emulated by memoir.
Package verbatim [2008/07/23] emulated by memoir.
Package verse [2008/07/23] emulated by memoir.
)

******************************************************
Stock height and width: 794.96999pt by 614.295pt
Top and edge trims: 0pt and 0pt
Page height and width: 794.96999pt by 614.295pt
Text height and width: 659.93202pt by 469pt
Spine and edge margins: 72.26999pt and 72.26999pt
Upper and lower margins: 72.26999pt and 62.76797pt
Headheight and headsep: 14.5pt and 29pt
Footskip: 29pt
Columnsep and columnseprule: 10pt and 0pt
Marginparsep and marginparwidth: 7pt and 58.26999pt
Sidecapsep and sidecapwidth: 7pt and 50pt
Sidebarhsep and sidebarwidth: 7pt and 50pt
Sidebarvsep and sidebartopsep: 14.5pt and 0pt
Sidebarheight: 546.64995pt
Sidefoothsep and sidefootwidth: 7pt and 50pt
Sidefootvsep and sidefootheight: 14.5pt and 546.64995pt
******************************************************

)
\@input{Chapters/settings.aux}
\openout2 = `Chapters/settings.aux'.

(./Chapters/settings.tex
(/usr/local/texlive/2019/texmf-dist/tex/latex/lipsum/lipsum.sty
(/usr/local/texlive/2019/texmf-dist/tex/latex/l3kernel/expl3.sty
Package: expl3 2019-05-07 L3 programming layer (loader) 

(/usr/local/texlive/2019/texmf-dist/tex/latex/l3kernel/expl3-code.tex
Package: expl3 2019-05-07 L3 programming layer (code)
\c_max_int=\count141
\l_tmpa_int=\count142
\l_tmpb_int=\count143
\g_tmpa_int=\count144
\g_tmpb_int=\count145
\g__kernel_prg_map_int=\count146
\c__ior_term_ior=\count147
\c_log_iow=\count148
\l_iow_line_count_int=\count149
\l__iow_line_target_int=\count150
\l__iow_one_indent_int=\count151
\l__iow_indent_int=\count152
\c_zero_dim=\dimen149
\c_max_dim=\dimen150
\l_tmpa_dim=\dimen151
\l_tmpb_dim=\dimen152
\g_tmpa_dim=\dimen153
\g_tmpb_dim=\dimen154
\c_zero_skip=\skip188
\c_max_skip=\skip189
\l_tmpa_skip=\skip190
\l_tmpb_skip=\skip191
\g_tmpa_skip=\skip192
\g_tmpb_skip=\skip193
\c_zero_muskip=\muskip10
\c_max_muskip=\muskip11
\l_tmpa_muskip=\muskip12
\l_tmpb_muskip=\muskip13
\g_tmpa_muskip=\muskip14
\g_tmpb_muskip=\muskip15
\l_keys_choice_int=\count153
\l__intarray_loop_int=\count154
\c__intarray_sp_dim=\dimen155
\g__intarray_font_int=\count155
\c__fp_leading_shift_int=\count156
\c__fp_middle_shift_int=\count157
\c__fp_trailing_shift_int=\count158
\c__fp_big_leading_shift_int=\count159
\c__fp_big_middle_shift_int=\count160
\c__fp_big_trailing_shift_int=\count161
\c__fp_Bigg_leading_shift_int=\count162
\c__fp_Bigg_middle_shift_int=\count163
\c__fp_Bigg_trailing_shift_int=\count164
\c__kernel_randint_max_int=\count165
\g__fp_array_int=\count166
\l__fp_array_loop_int=\count167
\l__sort_length_int=\count168
\l__sort_min_int=\count169
\l__sort_top_int=\count170
\l__sort_max_int=\count171
\l__sort_true_max_int=\count172
\l__sort_block_int=\count173
\l__sort_begin_int=\count174
\l__sort_end_int=\count175
\l__sort_A_int=\count176
\l__sort_B_int=\count177
\l__sort_C_int=\count178
\l__tl_analysis_normal_int=\count179
\l__tl_analysis_index_int=\count180
\l__tl_analysis_nesting_int=\count181
\l__tl_analysis_type_int=\count182
\l__regex_internal_a_int=\count183
\l__regex_internal_b_int=\count184
\l__regex_internal_c_int=\count185
\l__regex_balance_int=\count186
\l__regex_group_level_int=\count187
\l__regex_mode_int=\count188
\c__regex_cs_in_class_mode_int=\count189
\c__regex_cs_mode_int=\count190
\l__regex_catcodes_int=\count191
\l__regex_default_catcodes_int=\count192
\c__regex_catcode_D_int=\count193
\c__regex_catcode_S_int=\count194
\c__regex_catcode_L_int=\count266
\c__regex_catcode_O_int=\count267
\c__regex_catcode_A_int=\count268
\c__regex_all_catcodes_int=\count269
\l__regex_show_lines_int=\count270
\l__regex_min_state_int=\count271
\l__regex_max_state_int=\count272
\l__regex_left_state_int=\count273
\l__regex_right_state_int=\count274
\l__regex_capturing_group_int=\count275
\l__regex_min_pos_int=\count276
\l__regex_max_pos_int=\count277
\l__regex_curr_pos_int=\count278
\l__regex_start_pos_int=\count279
\l__regex_success_pos_int=\count280
\l__regex_curr_char_int=\count281
\l__regex_curr_catcode_int=\count282
\l__regex_last_char_int=\count283
\l__regex_case_changed_char_int=\count284
\l__regex_curr_state_int=\count285
\l__regex_step_int=\count286
\l__regex_min_active_int=\count287
\l__regex_max_active_int=\count288
\l__regex_replacement_csnames_int=\count289
\l__regex_match_count_int=\count290
\l__regex_min_submatch_int=\count291
\l__regex_submatch_int=\count292
\l__regex_zeroth_submatch_int=\count293
\g__regex_trace_regex_int=\count294
\c_empty_box=\box32
\l_tmpa_box=\box33
\l_tmpb_box=\box34
\g_tmpa_box=\box35
\g_tmpb_box=\box36
\l__box_top_dim=\dimen156
\l__box_bottom_dim=\dimen157
\l__box_left_dim=\dimen158
\l__box_right_dim=\dimen159
\l__box_top_new_dim=\dimen160
\l__box_bottom_new_dim=\dimen161
\l__box_left_new_dim=\dimen162
\l__box_right_new_dim=\dimen163
\l__box_internal_box=\box37
\l__coffin_internal_box=\box38
\l__coffin_internal_dim=\dimen164
\l__coffin_offset_x_dim=\dimen165
\l__coffin_offset_y_dim=\dimen166
\l__coffin_x_dim=\dimen167
\l__coffin_y_dim=\dimen168
\l__coffin_x_prime_dim=\dimen169
\l__coffin_y_prime_dim=\dimen170
\c_empty_coffin=\box39
\l__coffin_aligned_coffin=\box40
\l__coffin_aligned_internal_coffin=\box41
\l_tmpa_coffin=\box42
\l_tmpb_coffin=\box43
\g_tmpa_coffin=\box44
\g_tmpb_coffin=\box45
\l__coffin_bounding_shift_dim=\dimen171
\l__coffin_left_corner_dim=\dimen172
\l__coffin_right_corner_dim=\dimen173
\l__coffin_bottom_corner_dim=\dimen174
\l__coffin_top_corner_dim=\dimen175
\l__coffin_scaled_total_height_dim=\dimen176
\l__coffin_scaled_width_dim=\dimen177
\c__coffin_empty_coffin=\box46
\l__coffin_display_coffin=\box47
\l__coffin_display_coord_coffin=\box48
\l__coffin_display_pole_coffin=\box49
\l__coffin_display_offset_dim=\dimen178
\l__coffin_display_x_dim=\dimen179
\l__coffin_display_y_dim=\dimen180
\g__file_internal_ior=\read2
\l__seq_internal_a_int=\count295
\l__seq_internal_b_int=\count296
\c__deprecation_minus_one=\count297
)
(/usr/local/texlive/2019/texmf-dist/tex/latex/l3kernel/l3pdfmode.def
File: l3pdfmode.def 2019-04-06 v L3 Experimental driver: PDF mode
\l__driver_color_stack_int=\count298
\l__driver_pdf_tmp_box=\box50
))
(/usr/local/texlive/2019/texmf-dist/tex/latex/l3packages/xparse/xparse.sty
Package: xparse 2019-05-03 L3 Experimental document command parser
\l__xparse_current_arg_int=\count299
\g__xparse_grabber_int=\count300
\l__xparse_m_args_int=\count301
\l__xparse_v_nesting_int=\count302
)
Package: lipsum 2019/01/02 v2.2 150 paragraphs of Lorem Ipsum dummy text

(/usr/local/texlive/2019/texmf-dist/tex/latex/lipsum/lipsum.ltd.tex
File: lipsum.ltd.tex 2019/01/02 v2.2 The Lorem ipsum dummy text
))
(/usr/local/texlive/2019/texmf-dist/tex/latex/graphics/graphicx.sty
Package: graphicx 2017/06/01 v1.1a Enhanced LaTeX Graphics (DPC,SPQR)

(/usr/local/texlive/2019/texmf-dist/tex/latex/graphics/keyval.sty
Package: keyval 2014/10/28 v1.15 key=value parser (DPC)
\KV@toks@=\toks23
)
(/usr/local/texlive/2019/texmf-dist/tex/latex/graphics/graphics.sty
Package: graphics 2017/06/25 v1.2c Standard LaTeX Graphics (DPC,SPQR)

(/usr/local/texlive/2019/texmf-dist/tex/latex/graphics/trig.sty
Package: trig 2016/01/03 v1.10 sin cos tan (DPC)
)
(/usr/local/texlive/2019/texmf-dist/tex/latex/graphics-cfg/graphics.cfg
File: graphics.cfg 2016/06/04 v1.11 sample graphics configuration
)
Package graphics Info: Driver file: pdftex.def on input line 99.

(/usr/local/texlive/2019/texmf-dist/tex/latex/graphics-def/pdftex.def
File: pdftex.def 2018/01/08 v1.0l Graphics/color driver for pdftex
))
\Gin@req@height=\dimen181
\Gin@req@width=\dimen182
)
(/usr/local/texlive/2019/texmf-dist/tex/latex/natbib/natbib.sty
Package: natbib 2010/09/13 8.31b (PWD, AO)
\bibhang=\skip194
\bibsep=\skip256
LaTeX Info: Redefining \cite on input line 694.
\c@NAT@ctr=\count303
)
(/usr/local/texlive/2019/texmf-dist/tex/latex/hyperref/hyperref.sty
Package: hyperref 2018/11/30 v6.88e Hypertext links for LaTeX

(/usr/local/texlive/2019/texmf-dist/tex/generic/oberdiek/hobsub-hyperref.sty
Package: hobsub-hyperref 2016/05/16 v1.14 Bundle oberdiek, subset hyperref (HO)


(/usr/local/texlive/2019/texmf-dist/tex/generic/oberdiek/hobsub-generic.sty
Package: hobsub-generic 2016/05/16 v1.14 Bundle oberdiek, subset generic (HO)
Package: hobsub 2016/05/16 v1.14 Construct package bundles (HO)
Package: infwarerr 2016/05/16 v1.4 Providing info/warning/error messages (HO)
Package: ltxcmds 2016/05/16 v1.23 LaTeX kernel commands for general use (HO)
Package hobsub Info: Skipping package `ifluatex' (already loaded).
Package: ifvtex 2016/05/16 v1.6 Detect VTeX and its facilities (HO)
Package ifvtex Info: VTeX not detected.
Package: intcalc 2016/05/16 v1.2 Expandable calculations with integers (HO)
Package hobsub Info: Skipping package `ifpdf' (already loaded).
Package: etexcmds 2016/05/16 v1.6 Avoid name clashes with e-TeX commands (HO)
Package: kvsetkeys 2016/05/16 v1.17 Key value parser (HO)
Package: kvdefinekeys 2016/05/16 v1.4 Define keys (HO)
Package: pdftexcmds 2018/09/10 v0.29 Utility functions of pdfTeX for LuaTeX (HO
)
Package pdftexcmds Info: LuaTeX not detected.
Package pdftexcmds Info: \pdf@primitive is available.
Package pdftexcmds Info: \pdf@ifprimitive is available.
Package pdftexcmds Info: \pdfdraftmode found.
Package: pdfescape 2016/05/16 v1.14 Implements pdfTeX's escape features (HO)
Package: bigintcalc 2016/05/16 v1.4 Expandable calculations on big integers (HO
)
Package: bitset 2016/05/16 v1.2 Handle bit-vector datatype (HO)
Package: uniquecounter 2016/05/16 v1.3 Provide unlimited unique counter (HO)
)
Package hobsub Info: Skipping package `hobsub' (already loaded).
Package: letltxmacro 2016/05/16 v1.5 Let assignment for LaTeX macros (HO)
Package: hopatch 2016/05/16 v1.3 Wrapper for package hooks (HO)
Package: xcolor-patch 2016/05/16 xcolor patch
Package: atveryend 2016/05/16 v1.9 Hooks at the very end of document (HO)
Package atveryend Info: \enddocument detected (standard20110627).
Package: atbegshi 2016/06/09 v1.18 At begin shipout hook (HO)
Package: refcount 2016/05/16 v3.5 Data extraction from label references (HO)
Package: hycolor 2016/05/16 v1.8 Color options for hyperref/bookmark (HO)
)
(/usr/local/texlive/2019/texmf-dist/tex/latex/oberdiek/auxhook.sty
Package: auxhook 2016/05/16 v1.4 Hooks for auxiliary files (HO)
)
(/usr/local/texlive/2019/texmf-dist/tex/latex/oberdiek/kvoptions.sty
Package: kvoptions 2016/05/16 v3.12 Key value format for package options (HO)
)
\@linkdim=\dimen183
\Hy@linkcounter=\count304
\Hy@pagecounter=\count305

(/usr/local/texlive/2019/texmf-dist/tex/latex/hyperref/pd1enc.def
File: pd1enc.def 2018/11/30 v6.88e Hyperref: PDFDocEncoding definition (HO)
Now handling font encoding PD1 ...
... no UTF-8 mapping file for font encoding PD1
)
\Hy@SavedSpaceFactor=\count306

(/usr/local/texlive/2019/texmf-dist/tex/latex/latexconfig/hyperref.cfg
File: hyperref.cfg 2002/06/06 v1.2 hyperref configuration of TeXLive
)
Package hyperref Info: Hyper figures OFF on input line 4519.
Package hyperref Info: Link nesting OFF on input line 4524.
Package hyperref Info: Hyper index ON on input line 4527.
Package hyperref Info: Plain pages OFF on input line 4534.
Package hyperref Info: Backreferencing OFF on input line 4539.
Package hyperref Info: Implicit mode ON; LaTeX internals redefined.
Package hyperref Info: Bookmarks ON on input line 4772.
\c@Hy@tempcnt=\count307

(/usr/local/texlive/2019/texmf-dist/tex/latex/url/url.sty
\Urlmuskip=\muskip16
Package: url 2013/09/16  ver 3.4  Verb mode for urls, etc.
)
LaTeX Info: Redefining \url on input line 5125.
\XeTeXLinkMargin=\dimen184
\Fld@menulength=\count308
\Field@Width=\dimen185
\Fld@charsize=\dimen186
Package hyperref Info: Hyper figures OFF on input line 6380.
Package hyperref Info: Link nesting OFF on input line 6385.
Package hyperref Info: Hyper index ON on input line 6388.
Package hyperref Info: backreferencing OFF on input line 6395.
Package hyperref Info: Link coloring OFF on input line 6400.
Package hyperref Info: Link coloring with OCG OFF on input line 6405.
Package hyperref Info: PDF/A mode OFF on input line 6410.
LaTeX Info: Redefining \ref on input line 6450.
LaTeX Info: Redefining \pageref on input line 6454.
\Hy@abspage=\count309
\c@Item=\count310
\c@Hfootnote=\count311
)
(/usr/local/texlive/2019/texmf-dist/tex/latex/memoir/memhfixc.sty
Package: memhfixc 2013/05/30 v1.17 nameref/hyperref package fixes for memoir cl
ass
\c@memhycontfloat=\count312
\c@Hpagenote=\count313
)
Package hyperref Info: Driver (autodetected): hpdftex.

(/usr/local/texlive/2019/texmf-dist/tex/latex/hyperref/hpdftex.def
File: hpdftex.def 2018/11/30 v6.88e Hyperref driver for pdfTeX
\Fld@listcount=\count314
\c@bookmark@seq@number=\count315

(/usr/local/texlive/2019/texmf-dist/tex/latex/oberdiek/rerunfilecheck.sty
Package: rerunfilecheck 2016/05/16 v1.8 Rerun checks for auxiliary files (HO)
Package uniquecounter Info: New unique counter `rerunfilecheck' on input line 2
82.
)
\Hy@SectionHShift=\skip257
)
(/usr/local/texlive/2019/texmf-dist/tex/latex/oberdiek/pdflscape.sty
Package: pdflscape 2016/05/14 v0.11 Display of landscape pages in PDF (HO)

(/usr/local/texlive/2019/texmf-dist/tex/latex/graphics/lscape.sty
Package: lscape 2000/10/22 v3.01 Landscape Pages (DPC)
)
Package pdflscape Info: Auto-detected driver: pdftex on input line 81.
)
(/usr/local/texlive/2019/texmf-dist/tex/latex/everypage/everypage.sty
Package: everypage 2007/06/20 1.1 Hooks to run on every page
)
(/usr/local/texlive/2019/texmf-dist/tex/latex/tools/afterpage.sty
Package: afterpage 2014/10/28 v1.08 After-Page Package (DPC)
\AP@output=\toks24
\AP@partial=\box51
\AP@footins=\box52
)
(/usr/local/texlive/2019/texmf-dist/tex/latex/tools/longtable.sty
Package: longtable 2014/10/28 v4.11 Multi-page Table package (DPC)+ FMi change
\LTleft=\skip258
\LTright=\skip259
\LTpre=\skip260
\LTpost=\skip261
\LTchunksize=\count316
\LTcapwidth=\dimen187
\LT@head=\box53
\LT@firsthead=\box54
\LT@foot=\box55
\LT@lastfoot=\box56
\LT@cols=\count317
\LT@rows=\count318
\c@LT@tables=\count319
\c@LT@chunks=\count320
\LT@p@ftn=\toks25
)
   defining Unicode char U+FF09 (decimal 65289)

(/usr/local/texlive/2019/texmf-dist/tex/latex/makecell/makecell.sty
Package: makecell 2009/08/03 V0.1e Managing of Tab Column Heads and Cells
\rotheadsize=\dimen188
\c@nlinenum=\count321
\TeXr@lab=\toks26
)
(/usr/local/texlive/2019/texmf-dist/tex/latex/algorithm2e/algorithm2e.sty
Package: algorithm2e 2017/07/18 v5.2 algorithms environments
\c@AlgoLine=\count322
\algocf@hangindent=\skip262

(/usr/local/texlive/2019/texmf-dist/tex/latex/ifoddpage/ifoddpage.sty
Package: ifoddpage 2016/04/23 v1.1 Conditionals for odd/even page detection
\c@checkoddpage=\count323
LaTeX Info: Redefining \checkoddpage on input line 45.
)
(/usr/local/texlive/2019/texmf-dist/tex/latex/tools/xspace.sty
Package: xspace 2014/10/28 v1.13 Space after command names (DPC,MH)
)
(/usr/local/texlive/2019/texmf-dist/tex/latex/relsize/relsize.sty
Package: relsize 2013/03/29 ver 4.1
)
\skiptotal=\skip263
\skiplinenumber=\skip264
\skiprule=\skip265
\skiphlne=\skip266
\skiptext=\skip267
\skiplength=\skip268
\algomargin=\skip269
\skipalgocfslide=\skip270
\algowidth=\dimen189
\inoutsize=\dimen190
\inoutindent=\dimen191
\interspacetitleruled=\dimen192
\interspacealgoruled=\dimen193
\interspacetitleboxruled=\dimen194
\algocf@ruledwidth=\skip271
\algocf@inoutbox=\box57
\algocf@inputbox=\box58
\AlCapSkip=\skip272
\AlCapHSkip=\skip273
\algoskipindent=\skip274
\algocf@nlbox=\box59
\algocf@hangingbox=\box60
\algocf@untilbox=\box61
\algocf@skipuntil=\skip275
\algocf@capbox=\box62
\algocf@lcaptionbox=\skip276
\algoheightruledefault=\skip277
\algoheightrule=\skip278
\algotitleheightruledefault=\skip279
\algotitleheightrule=\skip280
\c@algocfline=\count324
\c@algocfproc=\count325
\c@algocf=\count326
\algocf@algoframe=\box63
\algocf@algobox=\box64
)
(/usr/local/texlive/2019/texmf-dist/tex/latex/amsmath/amsmath.sty
Package: amsmath 2018/12/01 v2.17b AMS math features
\@mathmargin=\skip281

For additional information on amsmath, use the `?' option.
(/usr/local/texlive/2019/texmf-dist/tex/latex/amsmath/amstext.sty
Package: amstext 2000/06/29 v2.01 AMS text

(/usr/local/texlive/2019/texmf-dist/tex/latex/amsmath/amsgen.sty
File: amsgen.sty 1999/11/30 v2.0 generic functions
\@emptytoks=\toks27
\ex@=\dimen256
))
(/usr/local/texlive/2019/texmf-dist/tex/latex/amsmath/amsbsy.sty
Package: amsbsy 1999/11/29 v1.2d Bold Symbols
\pmbraise@=\dimen257
)
(/usr/local/texlive/2019/texmf-dist/tex/latex/amsmath/amsopn.sty
Package: amsopn 2016/03/08 v2.02 operator names
)
\inf@bad=\count327
LaTeX Info: Redefining \frac on input line 223.
\uproot@=\count328
\leftroot@=\count329
LaTeX Info: Redefining \overline on input line 385.
\classnum@=\count330
\DOTSCASE@=\count331
LaTeX Info: Redefining \ldots on input line 482.
LaTeX Info: Redefining \dots on input line 485.
LaTeX Info: Redefining \cdots on input line 606.
\Mathstrutbox@=\box65
\strutbox@=\box66
\big@size=\dimen258
LaTeX Font Info:    Redeclaring font encoding OML on input line 729.
LaTeX Font Info:    Redeclaring font encoding OMS on input line 730.
\macc@depth=\count332
\c@MaxMatrixCols=\count333
\dotsspace@=\muskip17
\c@parentequation=\count334
\dspbrk@lvl=\count335
\tag@help=\toks28
\row@=\count336
\column@=\count337
\maxfields@=\count338
\andhelp@=\toks29
\eqnshift@=\dimen259
\alignsep@=\dimen260
\tagshift@=\dimen261
\tagwidth@=\dimen262
\totwidth@=\dimen263
\lineht@=\dimen264
\@envbody=\toks30
\multlinegap=\skip282
\multlinetaggap=\skip283
\mathdisplay@stack=\toks31
LaTeX Info: Redefining \[ on input line 2844.
LaTeX Info: Redefining \] on input line 2845.
)
(/usr/local/texlive/2019/texmf-dist/tex/latex/float/float.sty
Package: float 2001/11/08 v1.3d Float enhancements (AL)
\c@float@type=\count339
\float@exts=\toks32
\float@box=\box67
\@float@everytoks=\toks33
\@floatcapt=\box68
)
(/usr/local/texlive/2019/texmf-dist/tex/latex/multirow/multirow.sty
Package: multirow 2019/01/01 v2.4 Span multiple rows of a table
\multirow@colwidth=\skip284
\multirow@cntb=\count340
\multirow@dima=\skip285
\bigstrutjot=\dimen265
)

Class memoir Warning: You are using the caption package with the memoir class. 
To prepare we will now reset all captioning macros and configurations to kernel
 defaults, and then let the caption package take over. Please remember to use
 the caption package interfaces in order to
 configure your captions.

(/usr/local/texlive/2019/texmf-dist/tex/latex/caption/caption.sty
Package: caption 2018/10/06 v3.3-154 Customizing captions (AR)

(/usr/local/texlive/2019/texmf-dist/tex/latex/caption/caption3.sty
Package: caption3 2018/09/12 v1.8c caption3 kernel (AR)
Package caption3 Info: TeX engine: e-TeX on input line 64.
\captionmargin=\dimen266
\captionmargin@=\dimen267
\captionwidth=\dimen268
\caption@tempdima=\dimen269
\caption@indent=\dimen270
\caption@parindent=\dimen271
\caption@hangindent=\dimen272
)
\c@caption@flags=\count341
\c@ContinuedFloat=\count342
Package caption Info: float package is loaded.
Package caption Info: hyperref package is loaded.
Package caption Info: longtable package is loaded.

(/usr/local/texlive/2019/texmf-dist/tex/latex/caption/ltcaption.sty
Package: ltcaption 2018/08/26 v1.4-95 longtable captions (AR)
))
(/usr/local/texlive/2019/texmf-dist/tex/latex/caption/subcaption.sty
Package: subcaption 2018/05/01 v1.1-162 Sub-captions (AR)
\c@subfigure=\count343
\c@subtable=\count344
)
(/usr/local/texlive/2019/texmf-dist/tex/latex/psnfss/pifont.sty
Package: pifont 2005/04/12 PSNFSS-v9.2a Pi font support (SPQR) 
LaTeX Font Info:    Try loading font information for U+pzd on input line 63.

(/usr/local/texlive/2019/texmf-dist/tex/latex/psnfss/upzd.fd
File: upzd.fd 2001/06/04 font definitions for U/pzd.
)
LaTeX Font Info:    Try loading font information for U+psy on input line 64.

(/usr/local/texlive/2019/texmf-dist/tex/latex/psnfss/upsy.fd
File: upsy.fd 2001/06/04 font definitions for U/psy.
)))
(./MingPhDThesis.aux (./Chapters/chapterIntro.aux)
(./Chapters/chapterSpyPhone.aux) (./Chapters/chapterUltraUnlock.aux)
(./Chapters/chapterMoVo.aux) (./Chapters/chapterConcl.aux))
\openout1 = `MingPhDThesis.aux'.

LaTeX Font Info:    Checking defaults for OML/cmm/m/it on input line 28.
LaTeX Font Info:    ... okay on input line 28.
LaTeX Font Info:    Checking defaults for T1/cmr/m/n on input line 28.
LaTeX Font Info:    ... okay on input line 28.
LaTeX Font Info:    Checking defaults for OT1/cmr/m/n on input line 28.
LaTeX Font Info:    ... okay on input line 28.
LaTeX Font Info:    Checking defaults for OMS/cmsy/m/n on input line 28.
LaTeX Font Info:    ... okay on input line 28.
LaTeX Font Info:    Checking defaults for OMX/cmex/m/n on input line 28.
LaTeX Font Info:    ... okay on input line 28.
LaTeX Font Info:    Checking defaults for U/cmr/m/n on input line 28.
LaTeX Font Info:    ... okay on input line 28.
LaTeX Font Info:    Checking defaults for PD1/pdf/m/n on input line 28.
LaTeX Font Info:    ... okay on input line 28.
\bibskiplen=\skip286
\bibskipscale=\skip287

(/usr/local/texlive/2019/texmf-dist/tex/context/base/mkii/supp-pdf.mkii
[Loading MPS to PDF converter (version 2006.09.02).]
\scratchcounter=\count345
\scratchdimen=\dimen273
\scratchbox=\box69
\nofMPsegments=\count346
\nofMParguments=\count347
\everyMPshowfont=\toks34
\MPscratchCnt=\count348
\MPscratchDim=\dimen274
\MPnumerator=\count349
\makeMPintoPDFobject=\count350
\everyMPtoPDFconversion=\toks35
) (/usr/local/texlive/2019/texmf-dist/tex/latex/oberdiek/epstopdf-base.sty
Package: epstopdf-base 2016/05/15 v2.6 Base part for package epstopdf

(/usr/local/texlive/2019/texmf-dist/tex/latex/oberdiek/grfext.sty
Package: grfext 2016/05/16 v1.2 Manage graphics extensions (HO)
)
Package epstopdf-base Info: Redefining graphics rule for `.eps' on input line 4
38.
Package grfext Info: Graphics extension search list:
(grfext)             [.pdf,.png,.jpg,.mps,.jpeg,.jbig2,.jb2,.PDF,.PNG,.JPG,.JPE
G,.JBIG2,.JB2,.eps]
(grfext)             \AppendGraphicsExtensions on input line 456.

(/usr/local/texlive/2019/texmf-dist/tex/latex/latexconfig/epstopdf-sys.cfg
File: epstopdf-sys.cfg 2010/07/13 v1.3 Configuration of (r)epstopdf for TeX Liv
e
))
\AtBeginShipoutBox=\box70
Package hyperref Info: Link coloring OFF on input line 28.

(/usr/local/texlive/2019/texmf-dist/tex/latex/hyperref/nameref.sty
Package: nameref 2016/05/21 v2.44 Cross-referencing by name of section

(/usr/local/texlive/2019/texmf-dist/tex/generic/oberdiek/gettitlestring.sty
Package: gettitlestring 2016/05/16 v1.5 Cleanup title references (HO)
)
\c@section@level=\count351
)
Redoing nameref's sectioning
Redoing nameref's label
LaTeX Info: Redefining \nameref on input line 28.
LaTeX Info: Redefining \ref on input line 28.
LaTeX Info: Redefining \pageref on input line 28.
LaTeX Info: Redefining \nameref on input line 28.
(./MingPhDThesis.out) (./MingPhDThesis.out)
\@outlinefile=\write4
\openout4 = `MingPhDThesis.out'.

Package caption Info: Begin \AtBeginDocument code.
Package caption Info: End \AtBeginDocument code.
 [1



\providecommand \oddpage@label [2]{}


{/usr/local/texlive/2019/texmf-var/fonts/map/pdftex/updmap/pdftex.map}]
[2


]pdfTeX warning (ext4): destination with the same identifier (name{page.ii}) ha
s been already used, duplicate ignored
<to be read again> 
                   \relax 
l.90 \makefrontmatter
                      [2


] [3



] (./MingPhDThesis.toc [4

] [5]) [6]
(./MingPhDThesis.lof [7

] [8]) [9] (./MingPhDThesis.lot) [10

]
\openout2 = `Chapters/chapterIntro.aux'.


(./Chapters/chapterIntro.tex
LaTeX Font Info:    Try loading font information for OMS+cmr on input line 39.

(/usr/local/texlive/2019/texmf-dist/tex/latex/base/omscmr.fd
File: omscmr.fd 2014/09/29 v2.5h Standard LaTeX font definitions
)
LaTeX Font Info:    Font shape `OMS/cmr/m/n' in size <12> not available
(Font)              Font shape `OMS/cmsy/m/n' tried instead on input line 39.

Overfull \vbox (7.17058pt too high) has occurred while \output is active []


[1



] [2]
Overfull \hbox (17.3719pt too wide) in paragraph at lines 59--68
 [][] 
 []

[3] [4]
<Figures/sensors1.png, id=609, 1576.89125pt x 3213.00375pt>
File: Figures/sensors1.png Graphic file (type png)
<use Figures/sensors1.png>
Package pdftex.def Info: Figures/sensors1.png  used on input line 104.
(pdftex.def)             Requested size: 164.14928pt x 334.45828pt.

Overfull \hbox (46.89928pt too wide) in paragraph at lines 104--105
[][] 
 []

<Figures/sensors2.png, id=611, 1576.89125pt x 3213.00375pt>
File: Figures/sensors2.png Graphic file (type png)
<use Figures/sensors2.png>
Package pdftex.def Info: Figures/sensors2.png  used on input line 108.
(pdftex.def)             Requested size: 164.14928pt x 334.45828pt.

Overfull \hbox (46.89928pt too wide) in paragraph at lines 108--109
[][] 
 []

<Figures/sensors3.png, id=612, 1576.89125pt x 3213.00375pt>
File: Figures/sensors3.png Graphic file (type png)
<use Figures/sensors3.png>
Package pdftex.def Info: Figures/sensors3.png  used on input line 112.
(pdftex.def)             Requested size: 164.14928pt x 334.45828pt.

Overfull \hbox (46.89928pt too wide) in paragraph at lines 112--113
[][] 
 []

<Figures/sensors4.png, id=613, 1576.89125pt x 3213.00375pt>
File: Figures/sensors4.png Graphic file (type png)
<use Figures/sensors4.png>
Package pdftex.def Info: Figures/sensors4.png  used on input line 116.
(pdftex.def)             Requested size: 164.14928pt x 334.45828pt.

Overfull \hbox (46.89928pt too wide) in paragraph at lines 116--117
[][] 
 []

[5

 <./Figures/sensors1.png> <./Figures/sensors2.png> <./Figures/sensors3.png> <./
Figures/sensors4.png>])
\openout2 = `Chapters/chapterSpyPhone.aux'.

 (./Chapters/chapterSpyPhone.tex

Package hyperref Warning: Token not allowed in a PDF string (PDFDocEncoding):
(hyperref)                removing `\\' on input line 4.

(./Chapters/SpyPhone/intro.tex [6




]
<Figures/SpyPhone/teaserpic.pdf, id=633, 1156.32pt x 289.08pt>
File: Figures/SpyPhone/teaserpic.pdf Graphic file (type pdf)
<use Figures/SpyPhone/teaserpic.pdf>
Package pdftex.def Info: Figures/SpyPhone/teaserpic.pdf  used on input line 33.

(pdftex.def)             Requested size: 469.0pt x 117.24878pt.
 [7 <./Figures/SpyPhone/teaserpic.pdf>]
Overfull \vbox (2.96819pt too high) has occurred while \output is active []


[8] [9]
<Figures/SpyPhone/speakerDependent.pdf, id=699, 1011.78pt x 1084.05pt>
File: Figures/SpyPhone/speakerDependent.pdf Graphic file (type pdf)
<use Figures/SpyPhone/speakerDependent.pdf>
Package pdftex.def Info: Figures/SpyPhone/speakerDependent.pdf  used on input l
ine 103.
(pdftex.def)             Requested size: 296.96739pt x 318.18748pt.
<Figures/SpyPhone/speakerIndependent.pdf, id=700, 1011.78pt x 542.025pt>
File: Figures/SpyPhone/speakerIndependent.pdf Graphic file (type pdf)
<use Figures/SpyPhone/speakerIndependent.pdf>
Package pdftex.def Info: Figures/SpyPhone/speakerIndependent.pdf  used on input
 line 110.
(pdftex.def)             Requested size: 296.96739pt x 159.09373pt.
 [10

 <./Figures/SpyPhone/speakerDependent.pdf> <./Figures/SpyPhone/speakerIndepende
nt.pdf>]) (./Chapters/SpyPhone/background.tex [11

]
<Figures/SpyPhone/compressed.pdf, id=888, 722.7pt x 939.51pt>
File: Figures/SpyPhone/compressed.pdf Graphic file (type pdf)
<use Figures/SpyPhone/compressed.pdf>
Package pdftex.def Info: Figures/SpyPhone/compressed.pdf  used on input line 26
.
(pdftex.def)             Requested size: 398.65286pt x 518.2517pt.


LaTeX Warning: `!h' float specifier changed to `!ht'.

[12] [13 <./Figures/SpyPhone/compressed.pdf>] [14]
<Figures/SpyPhone/speaker.pdf, id=997, 1156.32pt x 722.7pt>
File: Figures/SpyPhone/speaker.pdf Graphic file (type pdf)
<use Figures/SpyPhone/speaker.pdf>
Package pdftex.def Info: Figures/SpyPhone/speaker.pdf  used on input line 95.
(pdftex.def)             Requested size: 398.65286pt x 249.15532pt.
 [15 <./Figures/SpyPhone/speaker.pdf>]) (./Chapters/SpyPhone/threat.tex
Overfull \vbox (5.8359pt too high) has occurred while \output is active []


[16] [17]) (./Chapters/SpyPhone/design.tex [18]
<Figures/SpyPhone/attackflow.pdf, id=1051, 2264.46pt x 1084.05pt>
File: Figures/SpyPhone/attackflow.pdf Graphic file (type pdf)
<use Figures/SpyPhone/attackflow.pdf>
Package pdftex.def Info: Figures/SpyPhone/attackflow.pdf  used on input line 17
.
(pdftex.def)             Requested size: 659.93202pt x 315.92133pt.
 [19

 <./Figures/SpyPhone/attackflow.pdf>] [20

]
<Figures/SpyPhone/SpyPhoneData.png, id=1168, 1576.89125pt x 3213.00375pt>
File: Figures/SpyPhone/SpyPhoneData.png Graphic file (type png)
<use Figures/SpyPhone/SpyPhoneData.png>
Package pdftex.def Info: Figures/SpyPhone/SpyPhoneData.png  used on input line 
72.
(pdftex.def)             Requested size: 129.54652pt x 263.96878pt.
 [21 <./Figures/SpyPhone/SpyPhoneData.png>]

Package relsize Warning: Font size 7.60419pt is too small.
(relsize)                Using 8.0pt instead on input line 104.


Package relsize Warning: Font size 7.60419pt is too small.
(relsize)                Using 8.0pt instead on input line 120.


Package relsize Warning: Font size 7.60419pt is too small.
(relsize)                Using 8.0pt instead on input line 120.


Package relsize Warning: Font size 7.60419pt is too small.
(relsize)                Using 8.0pt instead on input line 120.


Package relsize Warning: Font size 7.60419pt is too small.
(relsize)                Using 8.0pt instead on input line 120.


Package relsize Warning: Font size 7.60419pt is too small.
(relsize)                Using 8.0pt instead on input line 120.


Package relsize Warning: Font size 7.60419pt is too small.
(relsize)                Using 8.0pt instead on input line 120.


Package relsize Warning: Font size 7.60419pt is too small.
(relsize)                Using 8.0pt instead on input line 120.


Package relsize Warning: Font size 7.60419pt is too small.
(relsize)                Using 8.0pt instead on input line 120.


Package relsize Warning: Font size 7.60419pt is too small.
(relsize)                Using 8.0pt instead on input line 121.



pdfTeX warning: /Library/TeX/texbin/pdflatex (file /Users/mili/Desktop/EavesPro
cessFinal/dict.pdf): PDF inclusion: found PDF version <1.7>, but at most versio
n <1.5> allowed
</Users/mili/Desktop/EavesProcessFinal/dict.pdf, id=1178, 548.0475pt x 762.85pt
>
File: /Users/mili/Desktop/EavesProcessFinal/dict.pdf Graphic file (type pdf)
<use /Users/mili/Desktop/EavesProcessFinal/dict.pdf>
Package pdftex.def Info: /Users/mili/Desktop/EavesProcessFinal/dict.pdf  used o
n input line 129.
(pdftex.def)             Requested size: 257.95143pt x 359.05171pt.
[22] [23 </Users/mili/Desktop/EavesProcessFinal/dict.pdf>] [24]

pdfTeX warning: /Library/TeX/texbin/pdflatex (file /Users/mili/Desktop/EavesPro
cessFinal/preprocess0.pdf): PDF inclusion: found PDF version <1.7>, but at most
 version <1.5> allowed
</Users/mili/Desktop/EavesProcessFinal/preprocess0.pdf, id=1241, 1113.15875pt x
 663.47874pt>
File: /Users/mili/Desktop/EavesProcessFinal/preprocess0.pdf Graphic file (type 
pdf)
<use /Users/mili/Desktop/EavesProcessFinal/preprocess0.pdf>
Package pdftex.def Info: /Users/mili/Desktop/EavesProcessFinal/preprocess0.pdf 
 used on input line 204.
(pdftex.def)             Requested size: 375.20143pt x 223.636pt.


pdfTeX warning: /Library/TeX/texbin/pdflatex (file /Users/mili/Desktop/EavesPro
cessFinal/preprocess1.pdf): PDF inclusion: found PDF version <1.7>, but at most
 version <1.5> allowed
</Users/mili/Desktop/EavesProcessFinal/preprocess1.pdf, id=1242, 644.4075pt x 4
50.68375pt>
File: /Users/mili/Desktop/EavesProcessFinal/preprocess1.pdf Graphic file (type 
pdf)
<use /Users/mili/Desktop/EavesProcessFinal/preprocess1.pdf>
Package pdftex.def Info: /Users/mili/Desktop/EavesProcessFinal/preprocess1.pdf 
 used on input line 212.
(pdftex.def)             Requested size: 211.04857pt x 147.60516pt.


pdfTeX warning: /Library/TeX/texbin/pdflatex (file /Users/mili/Desktop/EavesPro
cessFinal/preprocess2.pdf): PDF inclusion: found PDF version <1.7>, but at most
 version <1.5> allowed
</Users/mili/Desktop/EavesProcessFinal/preprocess2.pdf, id=1243, 644.4075pt x 4
73.77pt>
File: /Users/mili/Desktop/EavesProcessFinal/preprocess2.pdf Graphic file (type 
pdf)
<use /Users/mili/Desktop/EavesProcessFinal/preprocess2.pdf>
Package pdftex.def Info: /Users/mili/Desktop/EavesProcessFinal/preprocess2.pdf 
 used on input line 213.
(pdftex.def)             Requested size: 211.04857pt x 155.16623pt.


pdfTeX warning: /Library/TeX/texbin/pdflatex (file /Users/mili/Desktop/EavesPro
cessFinal/preprocess3.pdf): PDF inclusion: found PDF version <1.7>, but at most
 version <1.5> allowed
</Users/mili/Desktop/EavesProcessFinal/preprocess3.pdf, id=1244, 649.42625pt x 
473.77pt>
File: /Users/mili/Desktop/EavesProcessFinal/preprocess3.pdf Graphic file (type 
pdf)
<use /Users/mili/Desktop/EavesProcessFinal/preprocess3.pdf>
Package pdftex.def Info: /Users/mili/Desktop/EavesProcessFinal/preprocess3.pdf 
 used on input line 217.
(pdftex.def)             Requested size: 211.04857pt x 153.95897pt.


pdfTeX warning: /Library/TeX/texbin/pdflatex (file /Users/mili/Desktop/EavesPro
cessFinal/preprocess4.pdf): PDF inclusion: found PDF version <1.7>, but at most
 version <1.5> allowed
</Users/mili/Desktop/EavesProcessFinal/preprocess4.pdf, id=1245, 665.48625pt x 
473.77pt>
File: /Users/mili/Desktop/EavesProcessFinal/preprocess4.pdf Graphic file (type 
pdf)
<use /Users/mili/Desktop/EavesProcessFinal/preprocess4.pdf>
Package pdftex.def Info: /Users/mili/Desktop/EavesProcessFinal/preprocess4.pdf 
 used on input line 229.
(pdftex.def)             Requested size: 211.04857pt x 150.24318pt.


pdfTeX warning: /Library/TeX/texbin/pdflatex (file /Users/mili/Desktop/EavesPro
cessFinal/preprocess5.pdf): PDF inclusion: found PDF version <1.7>, but at most
 version <1.5> allowed
</Users/mili/Desktop/EavesProcessFinal/preprocess5.pdf, id=1246, 642.4pt x 450.
68375pt>
File: /Users/mili/Desktop/EavesProcessFinal/preprocess5.pdf Graphic file (type 
pdf)
<use /Users/mili/Desktop/EavesProcessFinal/preprocess5.pdf>
Package pdftex.def Info: /Users/mili/Desktop/EavesProcessFinal/preprocess5.pdf 
 used on input line 233.
(pdftex.def)             Requested size: 211.04857pt x 148.05904pt.


pdfTeX warning: /Library/TeX/texbin/pdflatex (file /Users/mili/Desktop/EavesPro
cessFinal/preprocess6.pdf): PDF inclusion: found PDF version <1.7>, but at most
 version <1.5> allowed
</Users/mili/Desktop/EavesProcessFinal/preprocess6.pdf, id=1247, 655.44875pt x 
473.77pt>
File: /Users/mili/Desktop/EavesProcessFinal/preprocess6.pdf Graphic file (type 
pdf)
<use /Users/mili/Desktop/EavesProcessFinal/preprocess6.pdf>
Package pdftex.def Info: /Users/mili/Desktop/EavesProcessFinal/preprocess6.pdf 
 used on input line 234.
(pdftex.def)             Requested size: 211.04857pt x 152.54929pt.
[25 </Users/mili/Desktop/EavesProcessFinal/preprocess0.pdf>] [26 </Users/mili/D
esktop/EavesProcessFinal/preprocess1.pdf> </Users/mili/Desktop/EavesProcessFina
l/preprocess2.pdf> </Users/mili/Desktop/EavesProcessFinal/preprocess3.pdf> </Us
ers/mili/Desktop/EavesProcessFinal/preprocess4.pdf> </Users/mili/Desktop/EavesP
rocessFinal/preprocess5.pdf> </Users/mili/Desktop/EavesProcessFinal/preprocess6
.pdf>]

LaTeX Font Warning: Command \small invalid in math mode on input line 268.

[27]
<Figures/SpyPhone/rnn.pdf, id=1320, 975.645pt x 1069.9975pt>
File: Figures/SpyPhone/rnn.pdf Graphic file (type pdf)
<use Figures/SpyPhone/rnn.pdf>
Package pdftex.def Info: Figures/SpyPhone/rnn.pdf  used on input line 311.
(pdftex.def)             Requested size: 304.84714pt x 334.32442pt.
 [28]) (./Chapters/SpyPhone/experiment.tex [29 <./Figures/SpyPhone/rnn.pdf>]
Overfull \hbox (10.27599pt too wide) in paragraph at lines 33--33
 []\OT1/cmr/m/n/12 Compressed 
 []


Overfull \hbox (15.78827pt too wide) in paragraph at lines 15--40
 [][] 
 []

[30

]

pdfTeX warning: /Library/TeX/texbin/pdflatex (file /Users/mili/Desktop/EavesPro
cessFinal/digitCFM.pdf): PDF inclusion: found PDF version <1.7>, but at most ve
rsion <1.5> allowed
</Users/mili/Desktop/EavesProcessFinal/digitCFM.pdf, id=1362, 742.775pt x 764.8
575pt>
File: /Users/mili/Desktop/EavesProcessFinal/digitCFM.pdf Graphic file (type pdf
)
<use /Users/mili/Desktop/EavesProcessFinal/digitCFM.pdf>
Package pdftex.def Info: /Users/mili/Desktop/EavesProcessFinal/digitCFM.pdf  us
ed on input line 58.
(pdftex.def)             Requested size: 375.20143pt x 386.36086pt.

LaTeX Warning: `!h' float specifier changed to `!ht'.

[31

]

pdfTeX warning: /Library/TeX/texbin/pdflatex (file /Users/mili/Desktop/EavesPro
cessFinal/digitCFMGender.pdf): PDF inclusion: found PDF version <1.7>, but at m
ost version <1.5> allowed
</Users/mili/Desktop/EavesProcessFinal/digitCFMGender.pdf, id=1370, 253.94875pt
 x 265.99374pt>
File: /Users/mili/Desktop/EavesProcessFinal/digitCFMGender.pdf Graphic file (ty
pe pdf)
<use /Users/mili/Desktop/EavesProcessFinal/digitCFMGender.pdf>
Package pdftex.def Info: /Users/mili/Desktop/EavesProcessFinal/digitCFMGender.p
df  used on input line 91.
(pdftex.def)             Requested size: 147.73657pt x 154.74728pt.

LaTeX Warning: `!h' float specifier changed to `!ht'.


LaTeX Warning: `!h' float specifier changed to `!ht'.

[32 </Users/mili/Desktop/EavesProcessFinal/digitCFM.pdf>] [33 </Users/mili/Desk
top/EavesProcessFinal/digitCFMGender.pdf>]

pdfTeX warning: /Library/TeX/texbin/pdflatex (file /Users/mili/Desktop/EavesPro
cessFinal/activityCFM.pdf): PDF inclusion: found PDF version <1.7>, but at most
 version <1.5> allowed
</Users/mili/Desktop/EavesProcessFinal/activityCFM.pdf, id=1402, 347.2975pt x 3
55.3275pt>
File: /Users/mili/Desktop/EavesProcessFinal/activityCFM.pdf Graphic file (type 
pdf)
<use /Users/mili/Desktop/EavesProcessFinal/activityCFM.pdf>
Package pdftex.def Info: /Users/mili/Desktop/EavesProcessFinal/activityCFM.pdf 
 used on input line 151.
(pdftex.def)             Requested size: 187.60071pt x 191.94446pt.
[34 </Users/mili/Desktop/EavesProcessFinal/activityCFM.pdf>])
(./Chapters/SpyPhone/impact.tex

pdfTeX warning: /Library/TeX/texbin/pdflatex (file /Users/mili/Desktop/EavesPro
cessFinal/trainSize.pdf): PDF inclusion: found PDF version <1.7>, but at most v
ersion <1.5> allowed
</Users/mili/Desktop/EavesProcessFinal/trainSize.pdf, id=1417, 647.41875pt x 51
4.92375pt>
File: /Users/mili/Desktop/EavesProcessFinal/trainSize.pdf Graphic file (type pd
f)
<use /Users/mili/Desktop/EavesProcessFinal/trainSize.pdf>
Package pdftex.def Info: /Users/mili/Desktop/EavesProcessFinal/trainSize.pdf  u
sed on input line 10.
(pdftex.def)             Requested size: 234.5pt x 186.51167pt.

Overfull \vbox (0.45123pt too high) has occurred while \output is active []


[35 </Users/mili/Desktop/EavesProcessFinal/trainSize.pdf>]

pdfTeX warning: /Library/TeX/texbin/pdflatex (file /Users/mili/Desktop/EavesPro
cessFinal/downsample.pdf): PDF inclusion: found PDF version <1.7>, but at most 
version <1.5> allowed
</Users/mili/Desktop/EavesProcessFinal/downsample.pdf, id=1432, 772.8875pt x 51
4.92375pt>
File: /Users/mili/Desktop/EavesProcessFinal/downsample.pdf Graphic file (type p
df)
<use /Users/mili/Desktop/EavesProcessFinal/downsample.pdf>
Package pdftex.def Info: /Users/mili/Desktop/EavesProcessFinal/downsample.pdf  
used on input line 28.
(pdftex.def)             Requested size: 281.40286pt x 187.4781pt.
[36 </Users/mili/Desktop/EavesProcessFinal/downsample.pdf>]

pdfTeX warning: /Library/TeX/texbin/pdflatex (file /Users/mili/Desktop/EavesPro
cessFinal/volume.pdf): PDF inclusion: found PDF version <1.7>, but at most vers
ion <1.5> allowed
</Users/mili/Desktop/EavesProcessFinal/volume.pdf, id=1445, 995.72pt x 509.905p
t>
File: /Users/mili/Desktop/EavesProcessFinal/volume.pdf Graphic file (type pdf)
<use /Users/mili/Desktop/EavesProcessFinal/volume.pdf>
Package pdftex.def Info: /Users/mili/Desktop/EavesProcessFinal/volume.pdf  used
 on input line 67.
(pdftex.def)             Requested size: 422.09714pt x 216.15822pt.
[37 </Users/mili/Desktop/EavesProcessFinal/volume.pdf>]

pdfTeX warning: /Library/TeX/texbin/pdflatex (file /Users/mili/Desktop/EavesPro
cessFinal/noise.pdf): PDF inclusion: found PDF version <1.7>, but at most versi
on <1.5> allowed
</Users/mili/Desktop/EavesProcessFinal/noise.pdf, id=1456, 794.97pt x 514.92375
pt>
File: /Users/mili/Desktop/EavesProcessFinal/noise.pdf Graphic file (type pdf)
<use /Users/mili/Desktop/EavesProcessFinal/noise.pdf>
Package pdftex.def Info: /Users/mili/Desktop/EavesProcessFinal/noise.pdf  used 
on input line 84.
(pdftex.def)             Requested size: 281.40286pt x 182.2767pt.
<Figures/SpyPhone/noisetest.jpg, id=1457, 3015.265pt x 3057.4225pt>
File: Figures/SpyPhone/noisetest.jpg Graphic file (type jpg)
<use Figures/SpyPhone/noisetest.jpg>
Package pdftex.def Info: Figures/SpyPhone/noisetest.jpg  used on input line 91.

(pdftex.def)             Requested size: 234.5pt x 237.74089pt.
[38 </Users/mili/Desktop/EavesProcessFinal/noise.pdf> <./Figures/SpyPhone/noise
test.jpg>] [39]

pdfTeX warning: /Library/TeX/texbin/pdflatex (file /Users/mili/Desktop/EavesPro
cessFinal/digitDB55CFM.pdf): PDF inclusion: found PDF version <1.7>, but at mos
t version <1.5> allowed
</Users/mili/Desktop/EavesProcessFinal/digitDB55CFM.pdf, id=1474, 742.775pt x 7
64.8575pt>
File: /Users/mili/Desktop/EavesProcessFinal/digitDB55CFM.pdf Graphic file (type
 pdf)
<use /Users/mili/Desktop/EavesProcessFinal/digitDB55CFM.pdf>
Package pdftex.def Info: /Users/mili/Desktop/EavesProcessFinal/digitDB55CFM.pdf
  used on input line 109.
(pdftex.def)             Requested size: 217.77876pt x 224.25385pt.

Overfull \hbox (0.80879pt too wide) in paragraph at lines 109--119
 [] 
 []



pdfTeX warning: /Library/TeX/texbin/pdflatex (file /Users/mili/Desktop/EavesPro
cessFinal/digitDB60CFM.pdf): PDF inclusion: found PDF version <1.7>, but at mos
t version <1.5> allowed
</Users/mili/Desktop/EavesProcessFinal/digitDB60CFM.pdf, id=1475, 742.775pt x 7
64.8575pt>
File: /Users/mili/Desktop/EavesProcessFinal/digitDB60CFM.pdf Graphic file (type
 pdf)
<use /Users/mili/Desktop/EavesProcessFinal/digitDB60CFM.pdf>
Package pdftex.def Info: /Users/mili/Desktop/EavesProcessFinal/digitDB60CFM.pdf
  used on input line 123.
(pdftex.def)             Requested size: 217.77876pt x 224.25385pt.

Overfull \hbox (0.80879pt too wide) in paragraph at lines 123--133
 [] 
 []



pdfTeX warning: /Library/TeX/texbin/pdflatex (file /Users/mili/Desktop/EavesPro
cessFinal/digitDB65CFM.pdf): PDF inclusion: found PDF version <1.7>, but at mos
t version <1.5> allowed
</Users/mili/Desktop/EavesProcessFinal/digitDB65CFM.pdf, id=1476, 742.775pt x 7
64.8575pt>
File: /Users/mili/Desktop/EavesProcessFinal/digitDB65CFM.pdf Graphic file (type
 pdf)
<use /Users/mili/Desktop/EavesProcessFinal/digitDB65CFM.pdf>
Package pdftex.def Info: /Users/mili/Desktop/EavesProcessFinal/digitDB65CFM.pdf
  used on input line 137.
(pdftex.def)             Requested size: 217.77876pt x 224.25385pt.

Overfull \hbox (0.80879pt too wide) in paragraph at lines 137--147
 [] 
 []

[40

 </Users/mili/Desktop/EavesProcessFinal/digitDB55CFM.pdf> </Users/mili/Desktop/
EavesProcessFinal/digitDB60CFM.pdf> </Users/mili/Desktop/EavesProcessFinal/digi
tDB65CFM.pdf>]

pdfTeX warning: /Library/TeX/texbin/pdflatex (file /Users/mili/Desktop/EavesPro
cessFinal/move.pdf): PDF inclusion: found PDF version <1.7>, but at most versio
n <1.5> allowed
</Users/mili/Desktop/EavesProcessFinal/move.pdf, id=1513, 794.97pt x 514.92375p
t>
File: /Users/mili/Desktop/EavesProcessFinal/move.pdf Graphic file (type pdf)
<use /Users/mili/Desktop/EavesProcessFinal/move.pdf>
Package pdftex.def Info: /Users/mili/Desktop/EavesProcessFinal/move.pdf  used o
n input line 164.
(pdftex.def)             Requested size: 281.40286pt x 182.2767pt.
[41

 </Users/mili/Desktop/EavesProcessFinal/move.pdf>]

pdfTeX warning: /Library/TeX/texbin/pdflatex (file /Users/mili/Desktop/EavesPro
cessFinal/digitWalkCFM.pdf): PDF inclusion: found PDF version <1.7>, but at mos
t version <1.5> allowed
</Users/mili/Desktop/EavesProcessFinal/digitWalkCFM.pdf, id=1523, 742.775pt x 7
64.8575pt>
File: /Users/mili/Desktop/EavesProcessFinal/digitWalkCFM.pdf Graphic file (type
 pdf)
<use /Users/mili/Desktop/EavesProcessFinal/digitWalkCFM.pdf>
Package pdftex.def Info: /Users/mili/Desktop/EavesProcessFinal/digitWalkCFM.pdf
  used on input line 175.
(pdftex.def)             Requested size: 316.76454pt x 326.18636pt.

Overfull \hbox (4.4602pt too wide) in paragraph at lines 175--184
 [] 
 []



pdfTeX warning: /Library/TeX/texbin/pdflatex (file /Users/mili/Desktop/EavesPro
cessFinal/digitDriveCFM.pdf): PDF inclusion: found PDF version <1.7>, but at mo
st version <1.5> allowed
</Users/mili/Desktop/EavesProcessFinal/digitDriveCFM.pdf, id=1524, 742.775pt x 
764.8575pt>
File: /Users/mili/Desktop/EavesProcessFinal/digitDriveCFM.pdf Graphic file (typ
e pdf)
<use /Users/mili/Desktop/EavesProcessFinal/digitDriveCFM.pdf>
Package pdftex.def Info: /Users/mili/Desktop/EavesProcessFinal/digitDriveCFM.pd
f  used on input line 187.
(pdftex.def)             Requested size: 316.76454pt x 326.18636pt.

Overfull \hbox (4.4602pt too wide) in paragraph at lines 187--196
 [] 
 []

[42

 </Users/mili/Desktop/EavesProcessFinal/digitWalkCFM.pdf> </Users/mili/Desktop/
EavesProcessFinal/digitDriveCFM.pdf>]) (./Chapters/SpyPhone/defenses.tex
Overfull \vbox (7.38596pt too high) has occurred while \output is active []


[43

]) (./Chapters/SpyPhone/related.tex [44])
(./Chapters/SpyPhone/conclusion.tex [45] [46]))
\openout2 = `Chapters/chapterUltraUnlock.aux'.


(./Chapters/chapterUltraUnlock.tex

Package hyperref Warning: Token not allowed in a PDF string (PDFDocEncoding):
(hyperref)                removing `\\' on input line 4.

[47



]
Overfull \vbox (5.83588pt too high) has occurred while \output is active []


[48] [49]

pdfTeX warning: /Library/TeX/texbin/pdflatex (file /Users/mili/Documents/UltraU
nlock/iqdata1.pdf): PDF inclusion: found PDF version <1.7>, but at most version
 <1.5> allowed
</Users/mili/Documents/UltraUnlock/iqdata1.pdf, id=1650, 1084.05pt x 562.1pt>
File: /Users/mili/Documents/UltraUnlock/iqdata1.pdf Graphic file (type pdf)
<use /Users/mili/Documents/UltraUnlock/iqdata1.pdf>
Package pdftex.def Info: /Users/mili/Documents/UltraUnlock/iqdata1.pdf  used on
 input line 51.
(pdftex.def)             Requested size: 375.20143pt x 194.55083pt.


pdfTeX warning: /Library/TeX/texbin/pdflatex (file /Users/mili/Documents/UltraU
nlock/iqdata2.pdf): PDF inclusion: found PDF version <1.7>, but at most version
 <1.5> allowed
</Users/mili/Documents/UltraUnlock/iqdata2.pdf, id=1651, 557.08125pt x 438.6387
5pt>
File: /Users/mili/Documents/UltraUnlock/iqdata2.pdf Graphic file (type pdf)
<use /Users/mili/Documents/UltraUnlock/iqdata2.pdf>
Package pdftex.def Info: /Users/mili/Documents/UltraUnlock/iqdata2.pdf  used on
 input line 53.
(pdftex.def)             Requested size: 187.59714pt x 147.70956pt.


pdfTeX warning: /Library/TeX/texbin/pdflatex (file /Users/mili/Documents/UltraU
nlock/iqdata3.pdf): PDF inclusion: found PDF version <1.7>, but at most version
 <1.5> allowed
</Users/mili/Documents/UltraUnlock/iqdata3.pdf, id=1652, 649.42625pt x 306.1437
5pt>
File: /Users/mili/Documents/UltraUnlock/iqdata3.pdf Graphic file (type pdf)
<use /Users/mili/Documents/UltraUnlock/iqdata3.pdf>
Package pdftex.def Info: /Users/mili/Documents/UltraUnlock/iqdata3.pdf  used on
 input line 57.
(pdftex.def)             Requested size: 234.5pt x 110.54332pt.


pdfTeX warning: /Library/TeX/texbin/pdflatex (file /Users/mili/Documents/UltraU
nlock/iqdata4.pdf): PDF inclusion: found PDF version <1.7>, but at most version
 <1.5> allowed
</Users/mili/Documents/UltraUnlock/iqdata4.pdf, id=1653, 649.42625pt x 315.1775
pt>
File: /Users/mili/Documents/UltraUnlock/iqdata4.pdf Graphic file (type pdf)
<use /Users/mili/Documents/UltraUnlock/iqdata4.pdf>
Package pdftex.def Info: /Users/mili/Documents/UltraUnlock/iqdata4.pdf  used on
 input line 58.
(pdftex.def)             Requested size: 234.5pt x 113.80527pt.

LaTeX Warning: `!h' float specifier changed to `!ht'.

[50] [51 </Users/mili/Documents/UltraUnlock/iqdata1.pdf> </Users/mili/Documents
/UltraUnlock/iqdata2.pdf> </Users/mili/Documents/UltraUnlock/iqdata3.pdf> </Use
rs/mili/Documents/UltraUnlock/iqdata4.pdf>]
<Figures/UltraUnlock/path.pdf, id=1687, 1228.59pt x 542.025pt>
File: Figures/UltraUnlock/path.pdf Graphic file (type pdf)
<use Figures/UltraUnlock/path.pdf>
Package pdftex.def Info: Figures/UltraUnlock/path.pdf  used on input line 91.
(pdftex.def)             Requested size: 375.20143pt x 165.52827pt.


LaTeX Warning: `h' float specifier changed to `ht'.

[52] [53 <./Figures/UltraUnlock/path.pdf>] [54]
</Users/mili/Documents/UltraUnlock/UltraUnlockApp.pdf, id=1819, 794.97pt x 614.
295pt>
File: /Users/mili/Documents/UltraUnlock/UltraUnlockApp.pdf Graphic file (type p
df)
<use /Users/mili/Documents/UltraUnlock/UltraUnlockApp.pdf>
Package pdftex.def Info: /Users/mili/Documents/UltraUnlock/UltraUnlockApp.pdf  
used on input line 146.
(pdftex.def)             Requested size: 659.93202pt x 509.95845pt.
 [55

 </Users/mili/Documents/UltraUnlock/UltraUnlockApp.pdf>]

pdfTeX warning: /Library/TeX/texbin/pdflatex (file /Users/mili/Documents/UltraU
nlock/CICFilter.pdf): PDF inclusion: found PDF version <1.7>, but at most versi
on <1.5> allowed
</Users/mili/Documents/UltraUnlock/CICFilter.pdf, id=1841, 1117.17375pt x 663.4
7874pt>
File: /Users/mili/Documents/UltraUnlock/CICFilter.pdf Graphic file (type pdf)
<use /Users/mili/Documents/UltraUnlock/CICFilter.pdf>
Package pdftex.def Info: /Users/mili/Documents/UltraUnlock/CICFilter.pdf  used 
on input line 162.
(pdftex.def)             Requested size: 422.09714pt x 250.67682pt.
[56

 </Users/mili/Documents/UltraUnlock/CICFilter.pdf>]
<Figures/UltraUnlock/realiqdata0.png, id=1859, 3213.00375pt x 1578.89874pt>
File: Figures/UltraUnlock/realiqdata0.png Graphic file (type png)
<use Figures/UltraUnlock/realiqdata0.png>
Package pdftex.def Info: Figures/UltraUnlock/realiqdata0.png  used on input lin
e 181.
(pdftex.def)             Requested size: 281.40286pt x 138.26411pt.
<Figures/UltraUnlock/realiqdata1.png, id=1860, 3213.00375pt x 1578.89874pt>
File: Figures/UltraUnlock/realiqdata1.png Graphic file (type png)
<use Figures/UltraUnlock/realiqdata1.png>
Package pdftex.def Info: Figures/UltraUnlock/realiqdata1.png  used on input lin
e 184.
(pdftex.def)             Requested size: 281.40286pt x 138.26411pt.
<Figures/UltraUnlock/realiqdata2.png, id=1861, 3213.00375pt x 1578.89874pt>
File: Figures/UltraUnlock/realiqdata2.png Graphic file (type png)
<use Figures/UltraUnlock/realiqdata2.png>
Package pdftex.def Info: Figures/UltraUnlock/realiqdata2.png  used on input lin
e 187.
(pdftex.def)             Requested size: 281.40286pt x 138.26411pt.


LaTeX Warning: `h' float specifier changed to `ht'.



pdfTeX warning: /Library/TeX/texbin/pdflatex (file /Users/mili/Documents/UltraU
nlock/androidiqdata1.pdf): PDF inclusion: found PDF version <1.7>, but at most 
version <1.5> allowed
</Users/mili/Documents/UltraUnlock/androidiqdata1.pdf, id=1862, 1325.95375pt x 
752.8125pt>
File: /Users/mili/Documents/UltraUnlock/androidiqdata1.pdf Graphic file (type p
df)
<use /Users/mili/Documents/UltraUnlock/androidiqdata1.pdf>
Package pdftex.def Info: /Users/mili/Documents/UltraUnlock/androidiqdata1.pdf  
used on input line 196.
(pdftex.def)             Requested size: 375.20143pt x 213.01453pt.


pdfTeX warning: /Library/TeX/texbin/pdflatex (file /Users/mili/Documents/UltraU
nlock/androidiqdata2.pdf): PDF inclusion: found PDF version <1.7>, but at most 
version <1.5> allowed
</Users/mili/Documents/UltraUnlock/androidiqdata2.pdf, id=1863, 647.41875pt x 6
38.385pt>
File: /Users/mili/Documents/UltraUnlock/androidiqdata2.pdf Graphic file (type p
df)
<use /Users/mili/Documents/UltraUnlock/androidiqdata2.pdf>
Package pdftex.def Info: /Users/mili/Documents/UltraUnlock/androidiqdata2.pdf  
used on input line 198.
(pdftex.def)             Requested size: 187.59714pt x 184.98079pt.


pdfTeX warning: /Library/TeX/texbin/pdflatex (file /Users/mili/Documents/UltraU
nlock/androidiqdata3.pdf): PDF inclusion: found PDF version <1.7>, but at most 
version <1.5> allowed
</Users/mili/Documents/UltraUnlock/androidiqdata3.pdf, id=1864, 790.955pt x 456
.70625pt>
File: /Users/mili/Documents/UltraUnlock/androidiqdata3.pdf Graphic file (type p
df)
<use /Users/mili/Documents/UltraUnlock/androidiqdata3.pdf>
Package pdftex.def Info: /Users/mili/Documents/UltraUnlock/androidiqdata3.pdf  
used on input line 202.
(pdftex.def)             Requested size: 234.5pt x 135.40314pt.


pdfTeX warning: /Library/TeX/texbin/pdflatex (file /Users/mili/Documents/UltraU
nlock/androidiqdata4.pdf): PDF inclusion: found PDF version <1.7>, but at most 
version <1.5> allowed
</Users/mili/Documents/UltraUnlock/androidiqdata4.pdf, id=1865, 777.90625pt x 4
56.70625pt>
File: /Users/mili/Documents/UltraUnlock/androidiqdata4.pdf Graphic file (type p
df)
<use /Users/mili/Documents/UltraUnlock/androidiqdata4.pdf>
Package pdftex.def Info: /Users/mili/Documents/UltraUnlock/androidiqdata4.pdf  
used on input line 203.
(pdftex.def)             Requested size: 234.5pt x 137.67496pt.

LaTeX Warning: `!h' float specifier changed to `!ht'.

<Figures/UltraUnlock/gestures.pdf, id=1867, 1589.94pt x 722.7pt>
File: Figures/UltraUnlock/gestures.pdf Graphic file (type pdf)
<use Figures/UltraUnlock/gestures.pdf>
Package pdftex.def Info: Figures/UltraUnlock/gestures.pdf  used on input line 2
14.
(pdftex.def)             Requested size: 281.40286pt x 127.90796pt.

LaTeX Warning: `h' float specifier changed to `ht'.

[57]

pdfTeX warning: /Library/TeX/texbin/pdflatex (file /Users/mili/Documents/UltraU
nlock/gestureCFM.pdf): PDF inclusion: found PDF version <1.7>, but at most vers
ion <1.5> allowed
</Users/mili/Documents/UltraUnlock/gestureCFM.pdf, id=1873, 403.5075pt x 411.53
75pt>
File: /Users/mili/Documents/UltraUnlock/gestureCFM.pdf Graphic file (type pdf)
<use /Users/mili/Documents/UltraUnlock/gestureCFM.pdf>
Package pdftex.def Info: /Users/mili/Documents/UltraUnlock/gestureCFM.pdf  used
 on input line 227.
(pdftex.def)             Requested size: 164.15286pt x 167.41904pt.
[58 <./Figures/UltraUnlock/realiqdata0.png> <./Figures/UltraUnlock/realiqdata1.
png> <./Figures/UltraUnlock/realiqdata2.png>]

LaTeX Warning: `!h' float specifier changed to `!ht'.



pdfTeX warning: /Library/TeX/texbin/pdflatex (file /Users/mili/Documents/UltraU
nlock/userCFM.pdf): PDF inclusion: found PDF version <1.7>, but at most version
 <1.5> allowed
</Users/mili/Documents/UltraUnlock/userCFM.pdf, id=1881, 502.87875pt x 529.98pt
>
File: /Users/mili/Documents/UltraUnlock/userCFM.pdf Graphic file (type pdf)
<use /Users/mili/Documents/UltraUnlock/userCFM.pdf>
Package pdftex.def Info: /Users/mili/Documents/UltraUnlock/userCFM.pdf  used on
 input line 249.
(pdftex.def)             Requested size: 211.04857pt x 222.42024pt.

LaTeX Warning: `!h' float specifier changed to `!ht'.

[59 </Users/mili/Documents/UltraUnlock/androidiqdata1.pdf> </Users/mili/Documen
ts/UltraUnlock/androidiqdata2.pdf> </Users/mili/Documents/UltraUnlock/androidiq
data3.pdf> </Users/mili/Documents/UltraUnlock/androidiqdata4.pdf>] [60 <./Figur
es/UltraUnlock/gestures.pdf> </Users/mili/Documents/UltraUnlock/gestureCFM.pdf>
] [61 </Users/mili/Documents/UltraUnlock/userCFM.pdf>] [62]) [63]
\openout2 = `Chapters/chapterMoVo.aux'.


(./Chapters/chapterMoVo.tex
Overfull \hbox (9.77364pt too wide) in paragraph at lines 4--4
 []\OT1/cmr/m/n/12 MOVO: A SPOOF-PROOF VOICE AU-THEN-TI-CA-TION SYS-TEM FOR SMA
RT-PHONES  
 []

(./Chapters/MoVo/introduction.tex [64



] [65] [66]
<Figures/MoVo/voicematch.png, id=2043, 1084.05pt x 1927.2pt>
File: Figures/MoVo/voicematch.png Graphic file (type png)
<use Figures/MoVo/voicematch.png>
Package pdftex.def Info: Figures/MoVo/voicematch.png  used on input line 186.
(pdftex.def)             Requested size: 185.72455pt x 330.14864pt.

Overfull \hbox (37.75368pt too wide) in paragraph at lines 186--187
[][] 
 []

<Figures/MoVo/voicematch2.png, id=2044, 1084.05pt x 1927.2pt>
File: Figures/MoVo/voicematch2.png Graphic file (type png)
<use Figures/MoVo/voicematch2.png>
Package pdftex.def Info: Figures/MoVo/voicematch2.png  used on input line 192.
(pdftex.def)             Requested size: 185.72455pt x 330.14864pt.

Overfull \hbox (37.75368pt too wide) in paragraph at lines 192--193
[][] 
 []

<Figures/MoVo/email.png, id=2045, 1084.05pt x 1927.2pt>
File: Figures/MoVo/email.png Graphic file (type png)
<use Figures/MoVo/email.png>
Package pdftex.def Info: Figures/MoVo/email.png  used on input line 198.
(pdftex.def)             Requested size: 185.72455pt x 330.14864pt.

Overfull \hbox (37.75368pt too wide) in paragraph at lines 198--199
[][] 
 []

[67

 <./Figures/MoVo/voicematch.png> <./Figures/MoVo/voicematch2.png> <./Figures/Mo
Vo/email.png>] (./Chapters/MoVo/table.tex [68

]
Overfull \hbox (48.2905pt too wide) in alignment at lines 4--14
 [] [] [] [] [] [] 
 []


Overfull \hbox (16.14763pt too wide) in paragraph at lines 16--17
[]|\OT1/cmr/m/n/12 Table 4.1 Con-tin-ued| 
 []


Overfull \hbox (48.2905pt too wide) in alignment at lines 14--22
 [] [] [] [] [] [] 
 []


Overfull \hbox (48.2905pt too wide) in alignment at lines 22--25
 [] [] [] [] [] [] 
 []


Overfull \hbox (48.2905pt too wide) in alignment at lines 25--27
 [] [] [] [] [] [] 
 []


Overfull \hbox (48.2905pt too wide) in alignment at lines 27--63
 [] [] [] [] [] [] 
 []

[69

] [70])
Overfull \vbox (4.80501pt too high) has occurred while \output is active []


[71

]
<Figures/MoVo/standing.png, id=2115, 174.6525pt x 452.69125pt>
File: Figures/MoVo/standing.png Graphic file (type png)
<use Figures/MoVo/standing.png>
Package pdftex.def Info: Figures/MoVo/standing.png  used on input line 252.
(pdftex.def)             Requested size: 50.18687pt x 130.08621pt.
<Figures/MoVo/walking.png, id=2116, 405.515pt x 733.74126pt>
File: Figures/MoVo/walking.png Graphic file (type png)
<use Figures/MoVo/walking.png>
Package pdftex.def Info: Figures/MoVo/walking.png  used on input line 258.
(pdftex.def)             Requested size: 71.89433pt x 130.08621pt.

Overfull \hbox (1.5472pt too wide) in paragraph at lines 258--259
 [][] 
 []

<Figures/MoVo/sitting.png, id=2117, 312.16624pt x 422.57875pt>
File: Figures/MoVo/sitting.png Graphic file (type png)
<use Figures/MoVo/sitting.png>
Package pdftex.def Info: Figures/MoVo/sitting.png  used on input line 264.
(pdftex.def)             Requested size: 80.08005pt x 108.405pt.

Overfull \hbox (9.73291pt too wide) in paragraph at lines 264--265
 [][] 
 []


LaTeX Warning: `!h' float specifier changed to `!ht'.

[72] [73 <./Figures/MoVo/standing.png> <./Figures/MoVo/walking.png> <./Figures/
MoVo/sitting.png>]
Overfull \vbox (7.79997pt too high) has occurred while \output is active []


[74]) (./Chapters/MoVo/background.tex
Overfull \vbox (2.1849pt too high) has occurred while \output is active []


[75]
<Figures/MoVo/modulation.pdf, id=2172, 469.755pt x 173.64874pt>
File: Figures/MoVo/modulation.pdf Graphic file (type pdf)
<use Figures/MoVo/modulation.pdf>
Package pdftex.def Info: Figures/MoVo/modulation.pdf  used on input line 51.
(pdftex.def)             Requested size: 234.5pt x 86.68372pt.
 [76 <./Figures/MoVo/modulation.pdf>] [77] [78]) (./Chapters/MoVo/proof.tex [79
]

pdfTeX warning: /Library/TeX/texbin/pdflatex (file ./Figures/MoVo/SPSC0.pdf): P
DF inclusion: found PDF version <1.7>, but at most version <1.5> allowed
<Figures/MoVo/SPSC0.pdf, id=2226, 758.835pt x 217.81375pt>
File: Figures/MoVo/SPSC0.pdf Graphic file (type pdf)
<use Figures/MoVo/SPSC0.pdf>
Package pdftex.def Info: Figures/MoVo/SPSC0.pdf  used on input line 14.
(pdftex.def)             Requested size: 375.20143pt x 107.69681pt.


pdfTeX warning: /Library/TeX/texbin/pdflatex (file ./Figures/MoVo/SPSC1.pdf): P
DF inclusion: found PDF version <1.7>, but at most version <1.5> allowed
<Figures/MoVo/SPSC1.pdf, id=2227, 744.7825pt x 217.81375pt>
File: Figures/MoVo/SPSC1.pdf Graphic file (type pdf)
<use Figures/MoVo/SPSC1.pdf>
Package pdftex.def Info: Figures/MoVo/SPSC1.pdf  used on input line 18.
(pdftex.def)             Requested size: 375.20143pt x 109.73083pt.


pdfTeX warning: /Library/TeX/texbin/pdflatex (file ./Figures/MoVo/SPSC2.pdf): P
DF inclusion: found PDF version <1.7>, but at most version <1.5> allowed
<Figures/MoVo/SPSC2.pdf, id=2228, 758.835pt x 220.825pt>
File: Figures/MoVo/SPSC2.pdf Graphic file (type pdf)
<use Figures/MoVo/SPSC2.pdf>
Package pdftex.def Info: Figures/MoVo/SPSC2.pdf  used on input line 19.
(pdftex.def)             Requested size: 375.20143pt x 109.18571pt.


pdfTeX warning: /Library/TeX/texbin/pdflatex (file ./Figures/MoVo/SPSC3.pdf): P
DF inclusion: found PDF version <1.7>, but at most version <1.5> allowed
<Figures/MoVo/SPSC3.pdf, id=2229, 685.56125pt x 473.77pt>
File: Figures/MoVo/SPSC3.pdf Graphic file (type pdf)
<use Figures/MoVo/SPSC3.pdf>
Package pdftex.def Info: Figures/MoVo/SPSC3.pdf  used on input line 26.
(pdftex.def)             Requested size: 211.04857pt x 145.84787pt.


pdfTeX warning: /Library/TeX/texbin/pdflatex (file ./Figures/MoVo/SPSC4.pdf): P
DF inclusion: found PDF version <1.7>, but at most version <1.5> allowed
<Figures/MoVo/SPSC4.pdf, id=2230, 666.49pt x 473.77pt>
File: Figures/MoVo/SPSC4.pdf Graphic file (type pdf)
<use Figures/MoVo/SPSC4.pdf>
Package pdftex.def Info: Figures/MoVo/SPSC4.pdf  used on input line 32.
(pdftex.def)             Requested size: 211.04857pt x 150.01909pt.
[80 <./Figures/MoVo/SPSC0.pdf> <./Figures/MoVo/SPSC1.pdf> <./Figures/MoVo/SPSC2
.pdf> <./Figures/MoVo/SPSC3.pdf> <./Figures/MoVo/SPSC4.pdf>]

pdfTeX warning: /Library/TeX/texbin/pdflatex (file ./Figures/MoVo/DPSC0.pdf): P
DF inclusion: found PDF version <1.7>, but at most version <1.5> allowed
<Figures/MoVo/DPSC0.pdf, id=2272, 758.835pt x 217.81375pt>
File: Figures/MoVo/DPSC0.pdf Graphic file (type pdf)
<use Figures/MoVo/DPSC0.pdf>
Package pdftex.def Info: Figures/MoVo/DPSC0.pdf  used on input line 45.
(pdftex.def)             Requested size: 375.20143pt x 107.69681pt.


pdfTeX warning: /Library/TeX/texbin/pdflatex (file ./Figures/MoVo/DPSC1.pdf): P
DF inclusion: found PDF version <1.7>, but at most version <1.5> allowed
<Figures/MoVo/DPSC1.pdf, id=2273, 744.7825pt x 217.81375pt>
File: Figures/MoVo/DPSC1.pdf Graphic file (type pdf)
<use Figures/MoVo/DPSC1.pdf>
Package pdftex.def Info: Figures/MoVo/DPSC1.pdf  used on input line 49.
(pdftex.def)             Requested size: 375.20143pt x 109.73083pt.


pdfTeX warning: /Library/TeX/texbin/pdflatex (file ./Figures/MoVo/DPSC2.pdf): P
DF inclusion: found PDF version <1.7>, but at most version <1.5> allowed
<Figures/MoVo/DPSC2.pdf, id=2274, 758.835pt x 220.825pt>
File: Figures/MoVo/DPSC2.pdf Graphic file (type pdf)
<use Figures/MoVo/DPSC2.pdf>
Package pdftex.def Info: Figures/MoVo/DPSC2.pdf  used on input line 50.
(pdftex.def)             Requested size: 375.20143pt x 109.18571pt.


pdfTeX warning: /Library/TeX/texbin/pdflatex (file ./Figures/MoVo/DPSC3.pdf): P
DF inclusion: found PDF version <1.7>, but at most version <1.5> allowed
<Figures/MoVo/DPSC3.pdf, id=2275, 679.53876pt x 473.77pt>
File: Figures/MoVo/DPSC3.pdf Graphic file (type pdf)
<use Figures/MoVo/DPSC3.pdf>
Package pdftex.def Info: Figures/MoVo/DPSC3.pdf  used on input line 57.
(pdftex.def)             Requested size: 211.04857pt x 147.14189pt.


pdfTeX warning: /Library/TeX/texbin/pdflatex (file ./Figures/MoVo/DPSC4.pdf): P
DF inclusion: found PDF version <1.7>, but at most version <1.5> allowed
<Figures/MoVo/DPSC4.pdf, id=2276, 666.49pt x 473.77pt>
File: Figures/MoVo/DPSC4.pdf Graphic file (type pdf)
<use Figures/MoVo/DPSC4.pdf>
Package pdftex.def Info: Figures/MoVo/DPSC4.pdf  used on input line 63.
(pdftex.def)             Requested size: 211.04857pt x 150.01909pt.
[81 <./Figures/MoVo/DPSC0.pdf> <./Figures/MoVo/DPSC1.pdf> <./Figures/MoVo/DPSC2
.pdf> <./Figures/MoVo/DPSC3.pdf> <./Figures/MoVo/DPSC4.pdf>]

pdfTeX warning: /Library/TeX/texbin/pdflatex (file ./Figures/MoVo/SPDC0.pdf): P
DF inclusion: found PDF version <1.7>, but at most version <1.5> allowed
<Figures/MoVo/SPDC0.pdf, id=2316, 758.835pt x 217.81375pt>
File: Figures/MoVo/SPDC0.pdf Graphic file (type pdf)
<use Figures/MoVo/SPDC0.pdf>
Package pdftex.def Info: Figures/MoVo/SPDC0.pdf  used on input line 76.
(pdftex.def)             Requested size: 375.20143pt x 107.69681pt.


pdfTeX warning: /Library/TeX/texbin/pdflatex (file ./Figures/MoVo/SPDC1.pdf): P
DF inclusion: found PDF version <1.7>, but at most version <1.5> allowed
<Figures/MoVo/SPDC1.pdf, id=2317, 744.7825pt x 217.81375pt>
File: Figures/MoVo/SPDC1.pdf Graphic file (type pdf)
<use Figures/MoVo/SPDC1.pdf>
Package pdftex.def Info: Figures/MoVo/SPDC1.pdf  used on input line 80.
(pdftex.def)             Requested size: 375.20143pt x 109.73083pt.


pdfTeX warning: /Library/TeX/texbin/pdflatex (file ./Figures/MoVo/SPDC2.pdf): P
DF inclusion: found PDF version <1.7>, but at most version <1.5> allowed
<Figures/MoVo/SPDC2.pdf, id=2318, 758.835pt x 220.825pt>
File: Figures/MoVo/SPDC2.pdf Graphic file (type pdf)
<use Figures/MoVo/SPDC2.pdf>
Package pdftex.def Info: Figures/MoVo/SPDC2.pdf  used on input line 81.
(pdftex.def)             Requested size: 375.20143pt x 109.18571pt.


pdfTeX warning: /Library/TeX/texbin/pdflatex (file ./Figures/MoVo/SPDC3.pdf): P
DF inclusion: found PDF version <1.7>, but at most version <1.5> allowed
<Figures/MoVo/SPDC3.pdf, id=2319, 686.565pt x 473.77pt>
File: Figures/MoVo/SPDC3.pdf Graphic file (type pdf)
<use Figures/MoVo/SPDC3.pdf>
Package pdftex.def Info: Figures/MoVo/SPDC3.pdf  used on input line 88.
(pdftex.def)             Requested size: 211.04857pt x 145.631pt.


pdfTeX warning: /Library/TeX/texbin/pdflatex (file ./Figures/MoVo/SPDC4.pdf): P
DF inclusion: found PDF version <1.7>, but at most version <1.5> allowed
<Figures/MoVo/SPDC4.pdf, id=2320, 666.49pt x 473.77pt>
File: Figures/MoVo/SPDC4.pdf Graphic file (type pdf)
<use Figures/MoVo/SPDC4.pdf>
Package pdftex.def Info: Figures/MoVo/SPDC4.pdf  used on input line 94.
(pdftex.def)             Requested size: 211.04857pt x 150.01909pt.
[82 <./Figures/MoVo/SPDC0.pdf> <./Figures/MoVo/SPDC1.pdf> <./Figures/MoVo/SPDC2
.pdf> <./Figures/MoVo/SPDC3.pdf> <./Figures/MoVo/SPDC4.pdf>]

pdfTeX warning: /Library/TeX/texbin/pdflatex (file ./Figures/MoVo/Device0.pdf):
 PDF inclusion: found PDF version <1.7>, but at most version <1.5> allowed
<Figures/MoVo/Device0.pdf, id=2360, 758.835pt x 217.81375pt>
File: Figures/MoVo/Device0.pdf Graphic file (type pdf)
<use Figures/MoVo/Device0.pdf>
Package pdftex.def Info: Figures/MoVo/Device0.pdf  used on input line 106.
(pdftex.def)             Requested size: 375.20143pt x 107.69681pt.


pdfTeX warning: /Library/TeX/texbin/pdflatex (file ./Figures/MoVo/Device1.pdf):
 PDF inclusion: found PDF version <1.7>, but at most version <1.5> allowed
<Figures/MoVo/Device1.pdf, id=2361, 754.82pt x 217.81375pt>
File: Figures/MoVo/Device1.pdf Graphic file (type pdf)
<use Figures/MoVo/Device1.pdf>
Package pdftex.def Info: Figures/MoVo/Device1.pdf  used on input line 110.
(pdftex.def)             Requested size: 375.20143pt x 108.26846pt.


pdfTeX warning: /Library/TeX/texbin/pdflatex (file ./Figures/MoVo/Device2.pdf):
 PDF inclusion: found PDF version <1.7>, but at most version <1.5> allowed
<Figures/MoVo/Device2.pdf, id=2362, 744.7825pt x 220.825pt>
File: Figures/MoVo/Device2.pdf Graphic file (type pdf)
<use Figures/MoVo/Device2.pdf>
Package pdftex.def Info: Figures/MoVo/Device2.pdf  used on input line 111.
(pdftex.def)             Requested size: 375.20143pt x 111.24785pt.


pdfTeX warning: /Library/TeX/texbin/pdflatex (file ./Figures/MoVo/Device3.pdf):
 PDF inclusion: found PDF version <1.7>, but at most version <1.5> allowed
<Figures/MoVo/Device3.pdf, id=2363, 687.56876pt x 473.77pt>
File: Figures/MoVo/Device3.pdf Graphic file (type pdf)
<use Figures/MoVo/Device3.pdf>
Package pdftex.def Info: Figures/MoVo/Device3.pdf  used on input line 118.
(pdftex.def)             Requested size: 211.04857pt x 145.42136pt.


pdfTeX warning: /Library/TeX/texbin/pdflatex (file ./Figures/MoVo/Device4.pdf):
 PDF inclusion: found PDF version <1.7>, but at most version <1.5> allowed
<Figures/MoVo/Device4.pdf, id=2364, 668.4975pt x 473.77pt>
File: Figures/MoVo/Device4.pdf Graphic file (type pdf)
<use Figures/MoVo/Device4.pdf>
Package pdftex.def Info: Figures/MoVo/Device4.pdf  used on input line 124.
(pdftex.def)             Requested size: 211.04857pt x 149.57088pt.
[83 <./Figures/MoVo/Device0.pdf> <./Figures/MoVo/Device1.pdf> <./Figures/MoVo/D
evice2.pdf> <./Figures/MoVo/Device3.pdf> <./Figures/MoVo/Device4.pdf>])
(./Chapters/MoVo/attack.tex
<Figures/MoVo/attack.pdf, id=2412, 1589.94pt x 469.755pt>
File: Figures/MoVo/attack.pdf Graphic file (type pdf)
<use Figures/MoVo/attack.pdf>
Package pdftex.def Info: Figures/MoVo/attack.pdf  used on input line 5.
(pdftex.def)             Requested size: 422.09714pt x 124.70668pt.


LaTeX Warning: `h' float specifier changed to `ht'.

[84] [85 <./Figures/MoVo/attack.pdf>]) (./Chapters/MoVo/system.tex
<Figures/MoVo/workflow.pdf, id=2575, 1300.86pt x 339.2675pt>
File: Figures/MoVo/workflow.pdf Graphic file (type pdf)
<use Figures/MoVo/workflow.pdf>
Package pdftex.def Info: Figures/MoVo/workflow.pdf  used on input line 6.
(pdftex.def)             Requested size: 469.0pt x 122.31738pt.


LaTeX Warning: `h' float specifier changed to `ht'.


Overfull \vbox (6.35509pt too high) has occurred while \output is active []


[86] [87 <./Figures/MoVo/workflow.pdf>]

pdfTeX warning: /Library/TeX/texbin/pdflatex (file ./Figures/MoVo/syllable.pdf)
: PDF inclusion: found PDF version <1.7>, but at most version <1.5> allowed
<Figures/MoVo/syllable.pdf, id=2635, 1155.31625pt x 758.835pt>
File: Figures/MoVo/syllable.pdf Graphic file (type pdf)
<use Figures/MoVo/syllable.pdf>
Package pdftex.def Info: Figures/MoVo/syllable.pdf  used on input line 47.
(pdftex.def)             Requested size: 375.20143pt x 246.4332pt.
[88 <./Figures/MoVo/syllable.pdf>]

pdfTeX warning: /Library/TeX/texbin/pdflatex (file ./Figures/MoVo/movopreproces
s.pdf): PDF inclusion: found PDF version <1.7>, but at most version <1.5> allow
ed
<Figures/MoVo/movopreprocess.pdf, id=2654, 1166.3575pt x 721.69624pt>
File: Figures/MoVo/movopreprocess.pdf Graphic file (type pdf)
<use Figures/MoVo/movopreprocess.pdf>
Package pdftex.def Info: Figures/MoVo/movopreprocess.pdf  used on input line 11
5.
(pdftex.def)             Requested size: 469.0pt x 290.19307pt.

LaTeX Warning: `h' float specifier changed to `ht'.

[89] [90 <./Figures/MoVo/movopreprocess.pdf>] [91]

pdfTeX warning: /Library/TeX/texbin/pdflatex (file ./Figures/MoVo/nonmajority.p
df): PDF inclusion: found PDF version <1.7>, but at most version <1.5> allowed
<Figures/MoVo/nonmajority.pdf, id=2686, 672.5125pt x 507.8975pt>
File: Figures/MoVo/nonmajority.pdf Graphic file (type pdf)
<use Figures/MoVo/nonmajority.pdf>
Package pdftex.def Info: Figures/MoVo/nonmajority.pdf  used on input line 160.
(pdftex.def)             Requested size: 234.5pt x 177.1003pt.


pdfTeX warning: /Library/TeX/texbin/pdflatex (file ./Figures/MoVo/majority.pdf)
: PDF inclusion: found PDF version <1.7>, but at most version <1.5> allowed
<Figures/MoVo/majority.pdf, id=2687, 663.47874pt x 507.8975pt>
File: Figures/MoVo/majority.pdf Graphic file (type pdf)
<use Figures/MoVo/majority.pdf>
Package pdftex.def Info: Figures/MoVo/majority.pdf  used on input line 166.
(pdftex.def)             Requested size: 234.5pt x 179.51051pt.
[92 <./Figures/MoVo/nonmajority.pdf> <./Figures/MoVo/majority.pdf>])
(./Chapters/MoVo/evaluation.tex
<Figures/MoVo/MoVoData.png, id=2707, 1576.89125pt x 3213.00375pt>
File: Figures/MoVo/MoVoData.png Graphic file (type png)
<use Figures/MoVo/MoVoData.png>
Package pdftex.def Info: Figures/MoVo/MoVoData.png  used on input line 9.
(pdftex.def)             Requested size: 129.54652pt x 263.96878pt.
<Figures/MoVo/movohuman.png, id=2708, 3213.00375pt x 1578.89874pt>
File: Figures/MoVo/movohuman.png Graphic file (type png)
<use Figures/MoVo/movohuman.png>
Package pdftex.def Info: Figures/MoVo/movohuman.png  used on input line 14.
(pdftex.def)             Requested size: 281.40286pt x 138.26411pt.
<Figures/MoVo/movodevice.png, id=2709, 3213.00375pt x 1578.89874pt>
File: Figures/MoVo/movodevice.png Graphic file (type png)
<use Figures/MoVo/movodevice.png>
Package pdftex.def Info: Figures/MoVo/movodevice.png  used on input line 17.
(pdftex.def)             Requested size: 281.40286pt x 138.26411pt.
<Figures/MoVo/notapplicable.png, id=2710, 3213.00375pt x 1578.89874pt>
File: Figures/MoVo/notapplicable.png Graphic file (type png)
<use Figures/MoVo/notapplicable.png>
Package pdftex.def Info: Figures/MoVo/notapplicable.png  used on input line 20.

(pdftex.def)             Requested size: 281.40286pt x 138.26411pt.
 [93] [94 <./Figures/MoVo/MoVoData.png> <./Figures/MoVo/movohuman.png> <./Figur
es/MoVo/movodevice.png> <./Figures/MoVo/notapplicable.png>]
<Figures/MoVo/phone.jpeg, id=2724, 1284.8pt x 1284.8pt>
File: Figures/MoVo/phone.jpeg Graphic file (type jpg)
<use Figures/MoVo/phone.jpeg>
Package pdftex.def Info: Figures/MoVo/phone.jpeg  used on input line 34.
(pdftex.def)             Requested size: 211.04184pt x 211.04857pt.
<Figures/MoVo/laptop.jpg, id=2725, 1284.8pt x 1284.8pt>
File: Figures/MoVo/laptop.jpg Graphic file (type jpg)
<use Figures/MoVo/laptop.jpg>
Package pdftex.def Info: Figures/MoVo/laptop.jpg  used on input line 40.
(pdftex.def)             Requested size: 211.04184pt x 211.04857pt.
<Figures/MoVo/desktop.jpg, id=2726, 1284.8pt x 1284.8pt>
File: Figures/MoVo/desktop.jpg Graphic file (type jpg)
<use Figures/MoVo/desktop.jpg>
Package pdftex.def Info: Figures/MoVo/desktop.jpg  used on input line 46.
(pdftex.def)             Requested size: 211.04184pt x 211.04857pt.
<Figures/MoVo/mimic.png, id=2727, 548.0475pt x 425.59pt>
File: Figures/MoVo/mimic.png Graphic file (type png)
<use Figures/MoVo/mimic.png>
Package pdftex.def Info: Figures/MoVo/mimic.png  used on input line 52.
(pdftex.def)             Requested size: 271.77356pt x 211.04857pt.

Overfull \hbox (60.72499pt too wide) in paragraph at lines 52--53
 [][] 
 []

[95 <./Figures/MoVo/phone.jpeg> <./Figures/MoVo/laptop.jpg> <./Figures/MoVo/des
ktop.jpg> <./Figures/MoVo/mimic.png>]

pdfTeX warning: /Library/TeX/texbin/pdflatex (file /Users/mili/Documents/UltraU
nlock/movoAttack.pdf): PDF inclusion: found PDF version <1.7>, but at most vers
ion <1.5> allowed
</Users/mili/Documents/UltraUnlock/movoAttack.pdf, id=2734, 168.63pt x 179.6712
5pt>
File: /Users/mili/Documents/UltraUnlock/movoAttack.pdf Graphic file (type pdf)
<use /Users/mili/Documents/UltraUnlock/movoAttack.pdf>
Package pdftex.def Info: /Users/mili/Documents/UltraUnlock/movoAttack.pdf  used
 on input line 68.
(pdftex.def)             Requested size: 164.15286pt x 174.90321pt.
[96 </Users/mili/Documents/UltraUnlock/movoAttack.pdf>]

pdfTeX warning: /Library/TeX/texbin/pdflatex (file /Users/mili/Documents/UltraU
nlock/movoCommandbefore.pdf): PDF inclusion: found PDF version <1.7>, but at mo
st version <1.5> allowed
</Users/mili/Documents/UltraUnlock/movoCommandbefore.pdf, id=2751, 173.64874pt 
x 179.67125pt>
File: /Users/mili/Documents/UltraUnlock/movoCommandbefore.pdf Graphic file (typ
e pdf)
<use /Users/mili/Documents/UltraUnlock/movoCommandbefore.pdf>
Package pdftex.def Info: /Users/mili/Documents/UltraUnlock/movoCommandbefore.pd
f  used on input line 94.
(pdftex.def)             Requested size: 164.15286pt x 169.85326pt.


pdfTeX warning: /Library/TeX/texbin/pdflatex (file /Users/mili/Documents/UltraU
nlock/movoCommandafter.pdf): PDF inclusion: found PDF version <1.7>, but at mos
t version <1.5> allowed
</Users/mili/Documents/UltraUnlock/movoCommandafter.pdf, id=2752, 173.64874pt x
 179.67125pt>
File: /Users/mili/Documents/UltraUnlock/movoCommandafter.pdf Graphic file (type
 pdf)
<use /Users/mili/Documents/UltraUnlock/movoCommandafter.pdf>
Package pdftex.def Info: /Users/mili/Documents/UltraUnlock/movoCommandafter.pdf
  used on input line 99.
(pdftex.def)             Requested size: 164.15286pt x 169.85326pt.
[97 </Users/mili/Documents/UltraUnlock/movoCommandbefore.pdf> </Users/mili/Docu
ments/UltraUnlock/movoCommandafter.pdf>]

pdfTeX warning: /Library/TeX/texbin/pdflatex (file /Users/mili/Documents/UltraU
nlock/movoTime.pdf): PDF inclusion: found PDF version <1.7>, but at most versio
n <1.5> allowed
</Users/mili/Documents/UltraUnlock/movoTime.pdf, id=2779, 614.295pt x 466.74374
pt>
File: /Users/mili/Documents/UltraUnlock/movoTime.pdf Graphic file (type pdf)
<use /Users/mili/Documents/UltraUnlock/movoTime.pdf>
Package pdftex.def Info: /Users/mili/Documents/UltraUnlock/movoTime.pdf  used o
n input line 142.
(pdftex.def)             Requested size: 234.5pt x 178.17636pt.
) (./Chapters/MoVo/conclusion.tex [98 </Users/mili/Documents/UltraUnlock/movoTi
me.pdf>] [99]

pdfTeX warning: /Library/TeX/texbin/pdflatex (file /Users/mili/Documents/UltraU
nlock/movoUserBefore.pdf): PDF inclusion: found PDF version <1.7>, but at most 
version <1.5> allowed
</Users/mili/Documents/UltraUnlock/movoUserBefore.pdf, id=2797, 727.71875pt x 7
39.76375pt>
File: /Users/mili/Documents/UltraUnlock/movoUserBefore.pdf Graphic file (type p
df)
<use /Users/mili/Documents/UltraUnlock/movoUserBefore.pdf>
Package pdftex.def Info: /Users/mili/Documents/UltraUnlock/movoUserBefore.pdf  
used on input line 12.
(pdftex.def)             Requested size: 316.76454pt x 322.02039pt.


pdfTeX warning: /Library/TeX/texbin/pdflatex (file /Users/mili/Documents/UltraU
nlock/movoUserAfter.pdf): PDF inclusion: found PDF version <1.7>, but at most v
ersion <1.5> allowed
</Users/mili/Documents/UltraUnlock/movoUserAfter.pdf, id=2798, 727.71875pt x 73
9.76375pt>
File: /Users/mili/Documents/UltraUnlock/movoUserAfter.pdf Graphic file (type pd
f)
<use /Users/mili/Documents/UltraUnlock/movoUserAfter.pdf>
Package pdftex.def Info: /Users/mili/Documents/UltraUnlock/movoUserAfter.pdf  u
sed on input line 17.
(pdftex.def)             Requested size: 316.76454pt x 322.02039pt.
[100

 </Users/mili/Documents/UltraUnlock/movoUserBefore.pdf> </Users/mili/Documents/
UltraUnlock/movoUserAfter.pdf>]))
\openout2 = `Chapters/chapterConcl.aux'.

 (./Chapters/chapterConcl.tex) [101




]
(./MingPhDThesis.bbl [102


] [103] [104] [105] [106] [107] [108] [109] [110]
[111]) [112]
\tf@toc=\write5
\openout5 = `MingPhDThesis.toc'.

\tf@lof=\write6
\openout6 = `MingPhDThesis.lof'.

\tf@lot=\write7
\openout7 = `MingPhDThesis.lot'.

Package atveryend Info: Empty hook `BeforeClearDocument' on input line 133.
Package atveryend Info: Empty hook `AfterLastShipout' on input line 133.
 (./MingPhDThesis.aux (./Chapters/chapterIntro.aux)
(./Chapters/chapterSpyPhone.aux) (./Chapters/chapterUltraUnlock.aux)
(./Chapters/chapterMoVo.aux) (./Chapters/chapterConcl.aux))
Package atveryend Info: Executing hook `AtVeryEndDocument' on input line 133.
Package atveryend Info: Executing hook `AtEndAfterFileList' on input line 133.
Package rerunfilecheck Info: File `MingPhDThesis.out' has not changed.
(rerunfilecheck)             Checksum: CD2BABF0C5507691DC2DB7B98618F675;4924.
Package atveryend Info: Empty hook `AtVeryVeryEnd' on input line 133.
 ) 
Here is how much of TeX's memory you used:
 23501 strings out of 492616
 413850 string characters out of 6129482
 601223 words of memory out of 5000000
 26611 multiletter control sequences out of 15000+600000
 542106 words of font info for 60 fonts, out of 8000000 for 9000
 1144 hyphenation exceptions out of 8191
 48i,19n,65p,1643b,1039s stack positions out of 5000i,500n,10000p,200000b,80000s
</usr/local/texlive/2019/texmf-dist/fonts/type1/public/amsfonts/cm/cmbx10.pfb
></usr/local/texlive/2019/texmf-dist/fonts/type1/public/amsfonts/cm/cmbx12.pfb>
</usr/local/texlive/2019/texmf-dist/fonts/type1/public/amsfonts/cm/cmbx8.pfb></
usr/local/texlive/2019/texmf-dist/fonts/type1/public/amsfonts/cm/cmex10.pfb></u
sr/local/texlive/2019/texmf-dist/fonts/type1/public/amsfonts/cm/cmmi10.pfb></us
r/local/texlive/2019/texmf-dist/fonts/type1/public/amsfonts/cm/cmmi12.pfb></usr
/local/texlive/2019/texmf-dist/fonts/type1/public/amsfonts/cm/cmmi5.pfb></usr/l
ocal/texlive/2019/texmf-dist/fonts/type1/public/amsfonts/cm/cmmi6.pfb></usr/loc
al/texlive/2019/texmf-dist/fonts/type1/public/amsfonts/cm/cmmi7.pfb></usr/local
/texlive/2019/texmf-dist/fonts/type1/public/amsfonts/cm/cmmi8.pfb></usr/local/t
exlive/2019/texmf-dist/fonts/type1/public/amsfonts/cm/cmr10.pfb></usr/local/tex
live/2019/texmf-dist/fonts/type1/public/amsfonts/cm/cmr12.pfb></usr/local/texli
ve/2019/texmf-dist/fonts/type1/public/amsfonts/cm/cmr6.pfb></usr/local/texlive/
2019/texmf-dist/fonts/type1/public/amsfonts/cm/cmr7.pfb></usr/local/texlive/201
9/texmf-dist/fonts/type1/public/amsfonts/cm/cmr8.pfb></usr/local/texlive/2019/t
exmf-dist/fonts/type1/public/amsfonts/cm/cmr9.pfb></usr/local/texlive/2019/texm
f-dist/fonts/type1/public/amsfonts/cm/cmsy10.pfb></usr/local/texlive/2019/texmf
-dist/fonts/type1/public/amsfonts/cm/cmsy6.pfb></usr/local/texlive/2019/texmf-d
ist/fonts/type1/public/amsfonts/cm/cmsy7.pfb></usr/local/texlive/2019/texmf-dis
t/fonts/type1/public/amsfonts/cm/cmsy8.pfb></usr/local/texlive/2019/texmf-dist/
fonts/type1/public/amsfonts/cm/cmti10.pfb></usr/local/texlive/2019/texmf-dist/f
onts/type1/public/amsfonts/cm/cmti12.pfb></usr/local/texlive/2019/texmf-dist/fo
nts/type1/public/amsfonts/cm/cmtt10.pfb></usr/local/texlive/2019/texmf-dist/fon
ts/type1/public/amsfonts/cm/cmtt12.pfb></usr/local/texlive/2019/texmf-dist/font
s/type1/public/amsfonts/cm/cmtt9.pfb></usr/local/texlive/2019/texmf-dist/fonts/
type1/urw/zapfding/uzdr.pfb>
Output written on MingPhDThesis.pdf (123 pages, 19080180 bytes).
PDF statistics:
 3040 PDF objects out of 3580 (max. 8388607)
 2301 compressed objects within 24 object streams
 424 named destinations out of 1000 (max. 500000)
 1035 words of extra memory for PDF output out of 10000 (max. 10000000)

