\BOOKMARK [0][-]{chapter*.1}{ABSTRACT}{}% 1
\BOOKMARK [0][-]{section*.2}{LIST OF FIGURES}{}% 2
\BOOKMARK [0][-]{section*.3}{LIST OF TABLES}{}% 3
\BOOKMARK [0][-]{chapter.1}{Introduction}{}% 4
\BOOKMARK [1][-]{section.1.1}{Security and Privacy on Smartphones}{chapter.1}% 5
\BOOKMARK [1][-]{section.1.2}{Smartphone Sensors: Causes or Solutions}{chapter.1}% 6
\BOOKMARK [0][-]{chapter.2}{Spy-Phone: Eavesdropping on Smartphone Speakers with Motion Sensors}{}% 7
\BOOKMARK [1][-]{section.2.1}{Introduction}{chapter.2}% 8
\BOOKMARK [1][-]{section.2.2}{Background}{chapter.2}% 9
\BOOKMARK [2][-]{subsection.2.2.1}{Voice Acoustics}{section.2.2}% 10
\BOOKMARK [2][-]{subsection.2.2.2}{Compressed Sensing}{section.2.2}% 11
\BOOKMARK [2][-]{subsection.2.2.3}{Smartphone Hardware}{section.2.2}% 12
\BOOKMARK [1][-]{section.2.3}{Threat Model in the Spy-Phone System}{chapter.2}% 13
\BOOKMARK [1][-]{section.2.4}{Attack Design}{chapter.2}% 14
\BOOKMARK [2][-]{subsection.2.4.1}{Training Dataset}{section.2.4}% 15
\BOOKMARK [2][-]{subsection.2.4.2}{Dictionary Learning}{section.2.4}% 16
\BOOKMARK [2][-]{subsection.2.4.3}{Motion Data Preprocessing}{section.2.4}% 17
\BOOKMARK [2][-]{subsection.2.4.4}{Signal Reconstruction}{section.2.4}% 18
\BOOKMARK [2][-]{subsection.2.4.5}{Bi-LSTM Learing}{section.2.4}% 19
\BOOKMARK [1][-]{section.2.5}{Feasibility Experiments }{chapter.2}% 20
\BOOKMARK [2][-]{subsection.2.5.1}{Speech Content Learning \(Digits\)}{section.2.5}% 21
\BOOKMARK [2][-]{subsection.2.5.2}{Speech Content Learning \(Commands\)}{section.2.5}% 22
\BOOKMARK [2][-]{subsection.2.5.3}{Speaker Gender Classification and Speaker Identification}{section.2.5}% 23
\BOOKMARK [2][-]{subsection.2.5.4}{User Activity Classification \(Sound Type\)}{section.2.5}% 24
\BOOKMARK [1][-]{section.2.6}{Impact Evaluation}{chapter.2}% 25
\BOOKMARK [2][-]{subsection.2.6.1}{Impact of Training Data Size}{section.2.6}% 26
\BOOKMARK [2][-]{subsection.2.6.2}{Impact of Downsampling Rate}{section.2.6}% 27
\BOOKMARK [2][-]{subsection.2.6.3}{Impact of Training Device}{section.2.6}% 28
\BOOKMARK [2][-]{subsection.2.6.4}{Impact of Sound Volume}{section.2.6}% 29
\BOOKMARK [2][-]{subsection.2.6.5}{Impact of Surrounding Environment}{section.2.6}% 30
\BOOKMARK [2][-]{subsection.2.6.6}{Impact of User Mobility}{section.2.6}% 31
\BOOKMARK [1][-]{section.2.7}{Defenses}{chapter.2}% 32
\BOOKMARK [2][-]{subsection.2.7.1}{Hardware-based Defenses}{section.2.7}% 33
\BOOKMARK [2][-]{subsection.2.7.2}{Software-based Defenses}{section.2.7}% 34
\BOOKMARK [1][-]{section.2.8}{Related Work}{chapter.2}% 35
\BOOKMARK [2][-]{subsection.2.8.1}{Inferring Information From Smartphone Motion Sensors}{section.2.8}% 36
\BOOKMARK [2][-]{subsection.2.8.2}{Eavesdropping Sound Signals By Non-Acoustic Sensors}{section.2.8}% 37
\BOOKMARK [1][-]{section.2.9}{Conclusion}{chapter.2}% 38
\BOOKMARK [0][-]{chapter.3}{Ultra-Unlock: Smartphone Authentication \040Using Gestures in the Air}{}% 39
\BOOKMARK [1][-]{section.3.1}{Introduction}{chapter.3}% 40
\BOOKMARK [1][-]{section.3.2}{Related Works}{chapter.3}% 41
\BOOKMARK [1][-]{section.3.3}{Background}{chapter.3}% 42
\BOOKMARK [2][-]{subsection.3.3.1}{I/Q components and I/Q modulation}{section.3.3}% 43
\BOOKMARK [2][-]{subsection.3.3.2}{Hand Movements and I/Q Data}{section.3.3}% 44
\BOOKMARK [1][-]{section.3.4}{System Design}{chapter.3}% 45
\BOOKMARK [1][-]{section.3.5}{Experiment Results}{chapter.3}% 46
\BOOKMARK [1][-]{section.3.6}{Conclusion}{chapter.3}% 47
\BOOKMARK [0][-]{chapter.4}{MoVo: A Spoof-proof Voice Authentication System for Smartphones}{}% 48
\BOOKMARK [1][-]{section.4.1}{Introduction}{chapter.4}% 49
\BOOKMARK [2][-]{subsection.4.1.1}{The Popularity of Voice Authentication on Smartphones}{section.4.1}% 50
\BOOKMARK [2][-]{subsection.4.1.2}{Voice Spoofing Attacks}{section.4.1}% 51
\BOOKMARK [2][-]{subsection.4.1.3}{Liveness Detection}{section.4.1}% 52
\BOOKMARK [2][-]{subsection.4.1.4}{Overview of MoVo}{section.4.1}% 53
\BOOKMARK [1][-]{section.4.2}{Background}{chapter.4}% 54
\BOOKMARK [2][-]{subsection.4.2.1}{Voice Acoustics}{section.4.2}% 55
\BOOKMARK [2][-]{subs